[0.023s] Invoking command in '/home/hasan/yolobot/build/yolobot_recognition': CMAKE_PREFIX_PATH=/opt/ros/foxy /usr/bin/cmake /home/hasan/yolobot/src/yolobot_recognition -DCMAKE_INSTALL_PREFIX=/home/hasan/yolobot/install/yolobot_recognition
[0.135s] -- The C compiler identification is GNU 9.4.0
[0.211s] -- The CXX compiler identification is GNU 9.4.0
[0.218s] -- Check for working C compiler: /usr/bin/cc
[0.280s] -- Check for working C compiler: /usr/bin/cc -- works
[0.283s] -- Detecting C compiler ABI info
[0.348s] -- Detecting C compiler ABI info - done
[0.362s] -- Detecting C compile features
[0.363s] -- Detecting C compile features - done
[0.366s] -- Check for working CXX compiler: /usr/bin/c++
[0.455s] -- Check for working CXX compiler: /usr/bin/c++ -- works
[0.456s] -- Detecting CXX compiler ABI info
[0.538s] -- Detecting CXX compiler ABI info - done
[0.550s] -- Detecting CXX compile features
[0.550s] -- Detecting CXX compile features - done
[0.551s] -- Found ament_cmake: 0.9.12 (/opt/ros/foxy/share/ament_cmake/cmake)
[0.573s] -- Found PythonInterp: /usr/bin/python3 (found suitable version "3.8.10", minimum required is "3") 
[0.574s] -- Using PYTHON_EXECUTABLE: /usr/bin/python3
[0.753s] -- Found ament_lint_auto: 0.9.8 (/opt/ros/foxy/share/ament_lint_auto/cmake)
[0.828s] -- Added test 'copyright' to check source files copyright and LICENSE
[0.844s] -- Added test 'flake8' to check Python code syntax and style conventions
[0.844s] -- Added test 'lint_cmake' to check CMake code style
[0.845s] -- Added test 'pep257' to check Python code against some of the style conventions in PEP 257
[0.852s] -- Added test 'xmllint' to check XML markup files
[0.854s] -- Configuring done
[0.857s] -- Generating done
[0.858s] -- Build files have been written to: /home/hasan/yolobot/build/yolobot_recognition
[0.866s] Invoked command in '/home/hasan/yolobot/build/yolobot_recognition' returned '0': CMAKE_PREFIX_PATH=/opt/ros/foxy /usr/bin/cmake /home/hasan/yolobot/src/yolobot_recognition -DCMAKE_INSTALL_PREFIX=/home/hasan/yolobot/install/yolobot_recognition
[0.869s] Invoking command in '/home/hasan/yolobot/build/yolobot_recognition': CMAKE_PREFIX_PATH=/opt/ros/foxy /usr/bin/cmake --build /home/hasan/yolobot/build/yolobot_recognition -- -j8 -l8
[0.917s] Invoked command in '/home/hasan/yolobot/build/yolobot_recognition' returned '0': CMAKE_PREFIX_PATH=/opt/ros/foxy /usr/bin/cmake --build /home/hasan/yolobot/build/yolobot_recognition -- -j8 -l8
[0.948s] Invoking command in '/home/hasan/yolobot/build/yolobot_recognition': CMAKE_PREFIX_PATH=/opt/ros/foxy /usr/bin/cmake --install /home/hasan/yolobot/build/yolobot_recognition
[0.971s] -- Install configuration: ""
[0.971s] -- Installing: /home/hasan/yolobot/install/yolobot_recognition/share/ament_index/resource_index/package_run_dependencies/yolobot_recognition
[0.971s] -- Installing: /home/hasan/yolobot/install/yolobot_recognition/share/ament_index/resource_index/parent_prefix_path/yolobot_recognition
[0.971s] -- Installing: /home/hasan/yolobot/install/yolobot_recognition/share/yolobot_recognition/environment/ament_prefix_path.sh
[0.971s] -- Installing: /home/hasan/yolobot/install/yolobot_recognition/share/yolobot_recognition/environment/ament_prefix_path.dsv
[0.971s] -- Installing: /home/hasan/yolobot/install/yolobot_recognition/share/yolobot_recognition/environment/path.sh
[0.971s] -- Installing: /home/hasan/yolobot/install/yolobot_recognition/share/yolobot_recognition/environment/path.dsv
[0.971s] -- Installing: /home/hasan/yolobot/install/yolobot_recognition/share/yolobot_recognition/local_setup.bash
[0.971s] -- Installing: /home/hasan/yolobot/install/yolobot_recognition/share/yolobot_recognition/local_setup.sh
[0.971s] -- Installing: /home/hasan/yolobot/install/yolobot_recognition/share/yolobot_recognition/local_setup.zsh
[0.971s] -- Installing: /home/hasan/yolobot/install/yolobot_recognition/share/yolobot_recognition/local_setup.dsv
[0.971s] -- Installing: /home/hasan/yolobot/install/yolobot_recognition/share/yolobot_recognition/package.dsv
[0.971s] -- Installing: /home/hasan/yolobot/install/yolobot_recognition/share/ament_index/resource_index/packages/yolobot_recognition
[0.972s] -- Installing: /home/hasan/yolobot/install/yolobot_recognition/share/yolobot_recognition/cmake/yolobot_recognitionConfig.cmake
[0.972s] -- Installing: /home/hasan/yolobot/install/yolobot_recognition/share/yolobot_recognition/cmake/yolobot_recognitionConfig-version.cmake
[0.972s] -- Installing: /home/hasan/yolobot/install/yolobot_recognition/share/yolobot_recognition/package.xml
[0.984s] Invoked command in '/home/hasan/yolobot/build/yolobot_recognition' returned '0': CMAKE_PREFIX_PATH=/opt/ros/foxy /usr/bin/cmake --install /home/hasan/yolobot/build/yolobot_recognition
