[0.282s] DEBUG:colcon:Command line arguments: ['/usr/bin/colcon', 'build']
[0.282s] DEBUG:colcon:Parsed command line arguments: Namespace(allow_overriding=[], ament_cmake_args=None, base_paths=['.'], build_base='build', catkin_cmake_args=None, catkin_skip_building_tests=False, cmake_args=None, cmake_clean_cache=False, cmake_clean_first=False, cmake_force_configure=False, cmake_target=None, cmake_target_skip_unavailable=False, continue_on_error=False, event_handlers=None, executor='parallel', ignore_user_meta=False, install_base='install', log_base=None, log_level=None, main=<bound method BuildVerb.main of <colcon_core.verb.build.BuildVerb object at 0x7f7dfd290d00>>, merge_install=False, metas=['./colcon.meta'], packages_above=None, packages_above_and_dependencies=None, packages_above_depth=None, packages_end=None, packages_ignore=None, packages_ignore_regex=None, packages_select=None, packages_select_build_failed=False, packages_select_by_dep=None, packages_select_regex=None, packages_select_test_failures=False, packages_skip=None, packages_skip_build_finished=False, packages_skip_by_dep=None, packages_skip_regex=None, packages_skip_test_passed=False, packages_skip_up_to=None, packages_start=None, packages_up_to=None, packages_up_to_regex=None, parallel_workers=8, paths=None, symlink_install=False, test_result_base=None, verb_extension=<colcon_core.verb.build.BuildVerb object at 0x7f7dfd290d00>, verb_name='build', verb_parser=<colcon_defaults.argument_parser.defaults.DefaultArgumentsDecorator object at 0x7f7dfd29d2b0>)
[0.312s] Level 1:colcon.colcon_core.package_discovery:discover_packages(colcon_meta) check parameters
[0.313s] Level 1:colcon.colcon_core.package_discovery:discover_packages(recursive) check parameters
[0.313s] Level 1:colcon.colcon_core.package_discovery:discover_packages(ignore) check parameters
[0.313s] Level 1:colcon.colcon_core.package_discovery:discover_packages(path) check parameters
[0.313s] Level 1:colcon.colcon_core.package_discovery:discover_packages(colcon_meta) discover
[0.313s] Level 1:colcon.colcon_core.package_discovery:discover_packages(recursive) discover
[0.313s] INFO:colcon.colcon_core.package_discovery:Crawling recursively for packages in '/home/hasan/yolobot'
[0.313s] Level 1:colcon.colcon_core.package_identification:_identify(.) by extensions ['ignore', 'ignore_ament_install']
[0.313s] Level 1:colcon.colcon_core.package_identification:_identify(.) by extension 'ignore'
[0.313s] Level 1:colcon.colcon_core.package_identification:_identify(.) by extension 'ignore_ament_install'
[0.313s] Level 1:colcon.colcon_core.package_identification:_identify(.) by extensions ['colcon_pkg']
[0.313s] Level 1:colcon.colcon_core.package_identification:_identify(.) by extension 'colcon_pkg'
[0.313s] Level 1:colcon.colcon_core.package_identification:_identify(.) by extensions ['colcon_meta']
[0.313s] Level 1:colcon.colcon_core.package_identification:_identify(.) by extension 'colcon_meta'
[0.313s] Level 1:colcon.colcon_core.package_identification:_identify(.) by extensions ['ros']
[0.313s] Level 1:colcon.colcon_core.package_identification:_identify(.) by extension 'ros'
[0.332s] Level 1:colcon.colcon_core.package_identification:_identify(.) by extensions ['cmake', 'python']
[0.332s] Level 1:colcon.colcon_core.package_identification:_identify(.) by extension 'cmake'
[0.332s] Level 1:colcon.colcon_core.package_identification:_identify(.) by extension 'python'
[0.332s] Level 1:colcon.colcon_core.package_identification:_identify(.) by extensions ['python_setup_py']
[0.332s] Level 1:colcon.colcon_core.package_identification:_identify(.) by extension 'python_setup_py'
[0.332s] Level 1:colcon.colcon_core.package_identification:_identify(build) by extensions ['ignore', 'ignore_ament_install']
[0.332s] Level 1:colcon.colcon_core.package_identification:_identify(build) by extension 'ignore'
[0.332s] Level 1:colcon.colcon_core.package_identification:_identify(build) ignored
[0.332s] Level 1:colcon.colcon_core.package_identification:_identify(install) by extensions ['ignore', 'ignore_ament_install']
[0.333s] Level 1:colcon.colcon_core.package_identification:_identify(install) by extension 'ignore'
[0.333s] Level 1:colcon.colcon_core.package_identification:_identify(install) ignored
[0.333s] Level 1:colcon.colcon_core.package_identification:_identify(log) by extensions ['ignore', 'ignore_ament_install']
[0.333s] Level 1:colcon.colcon_core.package_identification:_identify(log) by extension 'ignore'
[0.333s] Level 1:colcon.colcon_core.package_identification:_identify(log) ignored
[0.333s] Level 1:colcon.colcon_core.package_identification:_identify(src) by extensions ['ignore', 'ignore_ament_install']
[0.333s] Level 1:colcon.colcon_core.package_identification:_identify(src) by extension 'ignore'
[0.333s] Level 1:colcon.colcon_core.package_identification:_identify(src) by extension 'ignore_ament_install'
[0.333s] Level 1:colcon.colcon_core.package_identification:_identify(src) by extensions ['colcon_pkg']
[0.333s] Level 1:colcon.colcon_core.package_identification:_identify(src) by extension 'colcon_pkg'
[0.333s] Level 1:colcon.colcon_core.package_identification:_identify(src) by extensions ['colcon_meta']
[0.333s] Level 1:colcon.colcon_core.package_identification:_identify(src) by extension 'colcon_meta'
[0.333s] Level 1:colcon.colcon_core.package_identification:_identify(src) by extensions ['ros']
[0.333s] Level 1:colcon.colcon_core.package_identification:_identify(src) by extension 'ros'
[0.333s] Level 1:colcon.colcon_core.package_identification:_identify(src) by extensions ['cmake', 'python']
[0.333s] Level 1:colcon.colcon_core.package_identification:_identify(src) by extension 'cmake'
[0.333s] Level 1:colcon.colcon_core.package_identification:_identify(src) by extension 'python'
[0.333s] Level 1:colcon.colcon_core.package_identification:_identify(src) by extensions ['python_setup_py']
[0.333s] Level 1:colcon.colcon_core.package_identification:_identify(src) by extension 'python_setup_py'
[0.333s] Level 1:colcon.colcon_core.package_identification:_identify(src/yolobot_control) by extensions ['ignore', 'ignore_ament_install']
[0.334s] Level 1:colcon.colcon_core.package_identification:_identify(src/yolobot_control) by extension 'ignore'
[0.334s] Level 1:colcon.colcon_core.package_identification:_identify(src/yolobot_control) by extension 'ignore_ament_install'
[0.334s] Level 1:colcon.colcon_core.package_identification:_identify(src/yolobot_control) by extensions ['colcon_pkg']
[0.334s] Level 1:colcon.colcon_core.package_identification:_identify(src/yolobot_control) by extension 'colcon_pkg'
[0.334s] Level 1:colcon.colcon_core.package_identification:_identify(src/yolobot_control) by extensions ['colcon_meta']
[0.334s] Level 1:colcon.colcon_core.package_identification:_identify(src/yolobot_control) by extension 'colcon_meta'
[0.334s] Level 1:colcon.colcon_core.package_identification:_identify(src/yolobot_control) by extensions ['ros']
[0.334s] Level 1:colcon.colcon_core.package_identification:_identify(src/yolobot_control) by extension 'ros'
[0.336s] DEBUG:colcon.colcon_core.package_identification:Package 'src/yolobot_control' with type 'ros.ament_cmake' and name 'yolobot_control'
[0.336s] Level 1:colcon.colcon_core.package_identification:_identify(src/yolobot_description) by extensions ['ignore', 'ignore_ament_install']
[0.336s] Level 1:colcon.colcon_core.package_identification:_identify(src/yolobot_description) by extension 'ignore'
[0.336s] Level 1:colcon.colcon_core.package_identification:_identify(src/yolobot_description) by extension 'ignore_ament_install'
[0.336s] Level 1:colcon.colcon_core.package_identification:_identify(src/yolobot_description) by extensions ['colcon_pkg']
[0.336s] Level 1:colcon.colcon_core.package_identification:_identify(src/yolobot_description) by extension 'colcon_pkg'
[0.336s] Level 1:colcon.colcon_core.package_identification:_identify(src/yolobot_description) by extensions ['colcon_meta']
[0.336s] Level 1:colcon.colcon_core.package_identification:_identify(src/yolobot_description) by extension 'colcon_meta'
[0.336s] Level 1:colcon.colcon_core.package_identification:_identify(src/yolobot_description) by extensions ['ros']
[0.336s] Level 1:colcon.colcon_core.package_identification:_identify(src/yolobot_description) by extension 'ros'
[0.337s] DEBUG:colcon.colcon_core.package_identification:Package 'src/yolobot_description' with type 'ros.ament_cmake' and name 'yolobot_description'
[0.337s] Level 1:colcon.colcon_core.package_identification:_identify(src/yolobot_gazebo) by extensions ['ignore', 'ignore_ament_install']
[0.337s] Level 1:colcon.colcon_core.package_identification:_identify(src/yolobot_gazebo) by extension 'ignore'
[0.337s] Level 1:colcon.colcon_core.package_identification:_identify(src/yolobot_gazebo) by extension 'ignore_ament_install'
[0.337s] Level 1:colcon.colcon_core.package_identification:_identify(src/yolobot_gazebo) by extensions ['colcon_pkg']
[0.337s] Level 1:colcon.colcon_core.package_identification:_identify(src/yolobot_gazebo) by extension 'colcon_pkg'
[0.337s] Level 1:colcon.colcon_core.package_identification:_identify(src/yolobot_gazebo) by extensions ['colcon_meta']
[0.337s] Level 1:colcon.colcon_core.package_identification:_identify(src/yolobot_gazebo) by extension 'colcon_meta'
[0.337s] Level 1:colcon.colcon_core.package_identification:_identify(src/yolobot_gazebo) by extensions ['ros']
[0.337s] Level 1:colcon.colcon_core.package_identification:_identify(src/yolobot_gazebo) by extension 'ros'
[0.337s] DEBUG:colcon.colcon_core.package_identification:Package 'src/yolobot_gazebo' with type 'ros.ament_cmake' and name 'yolobot_gazebo'
[0.338s] Level 1:colcon.colcon_core.package_identification:_identify(src/yolobot_recognition) by extensions ['ignore', 'ignore_ament_install']
[0.338s] Level 1:colcon.colcon_core.package_identification:_identify(src/yolobot_recognition) by extension 'ignore'
[0.338s] Level 1:colcon.colcon_core.package_identification:_identify(src/yolobot_recognition) by extension 'ignore_ament_install'
[0.338s] Level 1:colcon.colcon_core.package_identification:_identify(src/yolobot_recognition) by extensions ['colcon_pkg']
[0.338s] Level 1:colcon.colcon_core.package_identification:_identify(src/yolobot_recognition) by extension 'colcon_pkg'
[0.338s] Level 1:colcon.colcon_core.package_identification:_identify(src/yolobot_recognition) by extensions ['colcon_meta']
[0.338s] Level 1:colcon.colcon_core.package_identification:_identify(src/yolobot_recognition) by extension 'colcon_meta'
[0.338s] Level 1:colcon.colcon_core.package_identification:_identify(src/yolobot_recognition) by extensions ['ros']
[0.338s] Level 1:colcon.colcon_core.package_identification:_identify(src/yolobot_recognition) by extension 'ros'
[0.338s] DEBUG:colcon.colcon_core.package_identification:Package 'src/yolobot_recognition' with type 'ros.ament_cmake' and name 'yolobot_recognition'
[0.338s] Level 1:colcon.colcon_core.package_discovery:discover_packages(recursive) using defaults
[0.338s] Level 1:colcon.colcon_core.package_discovery:discover_packages(ignore) discover
[0.338s] Level 1:colcon.colcon_core.package_discovery:discover_packages(ignore) using defaults
[0.338s] Level 1:colcon.colcon_core.package_discovery:discover_packages(path) discover
[0.338s] Level 1:colcon.colcon_core.package_discovery:discover_packages(path) using defaults
[0.358s] Level 1:colcon.colcon_core.package_discovery:discover_packages(prefix_path) check parameters
[0.358s] Level 1:colcon.colcon_core.package_discovery:discover_packages(prefix_path) discover
[0.362s] DEBUG:colcon.colcon_installed_package_information.package_discovery:Found 269 installed packages in /opt/ros/foxy
[0.363s] Level 1:colcon.colcon_core.package_discovery:discover_packages(prefix_path) using defaults
[0.429s] Level 5:colcon.colcon_core.verb:set package 'yolobot_control' build argument 'cmake_args' from command line to 'None'
[0.429s] Level 5:colcon.colcon_core.verb:set package 'yolobot_control' build argument 'cmake_target' from command line to 'None'
[0.429s] Level 5:colcon.colcon_core.verb:set package 'yolobot_control' build argument 'cmake_target_skip_unavailable' from command line to 'False'
[0.429s] Level 5:colcon.colcon_core.verb:set package 'yolobot_control' build argument 'cmake_clean_cache' from command line to 'False'
[0.429s] Level 5:colcon.colcon_core.verb:set package 'yolobot_control' build argument 'cmake_clean_first' from command line to 'False'
[0.429s] Level 5:colcon.colcon_core.verb:set package 'yolobot_control' build argument 'cmake_force_configure' from command line to 'False'
[0.429s] Level 5:colcon.colcon_core.verb:set package 'yolobot_control' build argument 'ament_cmake_args' from command line to 'None'
[0.429s] Level 5:colcon.colcon_core.verb:set package 'yolobot_control' build argument 'catkin_cmake_args' from command line to 'None'
[0.429s] Level 5:colcon.colcon_core.verb:set package 'yolobot_control' build argument 'catkin_skip_building_tests' from command line to 'False'
[0.429s] DEBUG:colcon.colcon_core.verb:Building package 'yolobot_control' with the following arguments: {'ament_cmake_args': None, 'build_base': '/home/hasan/yolobot/build/yolobot_control', 'catkin_cmake_args': None, 'catkin_skip_building_tests': False, 'cmake_args': None, 'cmake_clean_cache': False, 'cmake_clean_first': False, 'cmake_force_configure': False, 'cmake_target': None, 'cmake_target_skip_unavailable': False, 'install_base': '/home/hasan/yolobot/install/yolobot_control', 'merge_install': False, 'path': '/home/hasan/yolobot/src/yolobot_control', 'symlink_install': False, 'test_result_base': None}
[0.430s] Level 5:colcon.colcon_core.verb:set package 'yolobot_description' build argument 'cmake_args' from command line to 'None'
[0.430s] Level 5:colcon.colcon_core.verb:set package 'yolobot_description' build argument 'cmake_target' from command line to 'None'
[0.430s] Level 5:colcon.colcon_core.verb:set package 'yolobot_description' build argument 'cmake_target_skip_unavailable' from command line to 'False'
[0.430s] Level 5:colcon.colcon_core.verb:set package 'yolobot_description' build argument 'cmake_clean_cache' from command line to 'False'
[0.430s] Level 5:colcon.colcon_core.verb:set package 'yolobot_description' build argument 'cmake_clean_first' from command line to 'False'
[0.430s] Level 5:colcon.colcon_core.verb:set package 'yolobot_description' build argument 'cmake_force_configure' from command line to 'False'
[0.430s] Level 5:colcon.colcon_core.verb:set package 'yolobot_description' build argument 'ament_cmake_args' from command line to 'None'
[0.430s] Level 5:colcon.colcon_core.verb:set package 'yolobot_description' build argument 'catkin_cmake_args' from command line to 'None'
[0.430s] Level 5:colcon.colcon_core.verb:set package 'yolobot_description' build argument 'catkin_skip_building_tests' from command line to 'False'
[0.430s] DEBUG:colcon.colcon_core.verb:Building package 'yolobot_description' with the following arguments: {'ament_cmake_args': None, 'build_base': '/home/hasan/yolobot/build/yolobot_description', 'catkin_cmake_args': None, 'catkin_skip_building_tests': False, 'cmake_args': None, 'cmake_clean_cache': False, 'cmake_clean_first': False, 'cmake_force_configure': False, 'cmake_target': None, 'cmake_target_skip_unavailable': False, 'install_base': '/home/hasan/yolobot/install/yolobot_description', 'merge_install': False, 'path': '/home/hasan/yolobot/src/yolobot_description', 'symlink_install': False, 'test_result_base': None}
[0.431s] Level 5:colcon.colcon_core.verb:set package 'yolobot_gazebo' build argument 'cmake_args' from command line to 'None'
[0.431s] Level 5:colcon.colcon_core.verb:set package 'yolobot_gazebo' build argument 'cmake_target' from command line to 'None'
[0.431s] Level 5:colcon.colcon_core.verb:set package 'yolobot_gazebo' build argument 'cmake_target_skip_unavailable' from command line to 'False'
[0.431s] Level 5:colcon.colcon_core.verb:set package 'yolobot_gazebo' build argument 'cmake_clean_cache' from command line to 'False'
[0.431s] Level 5:colcon.colcon_core.verb:set package 'yolobot_gazebo' build argument 'cmake_clean_first' from command line to 'False'
[0.431s] Level 5:colcon.colcon_core.verb:set package 'yolobot_gazebo' build argument 'cmake_force_configure' from command line to 'False'
[0.431s] Level 5:colcon.colcon_core.verb:set package 'yolobot_gazebo' build argument 'ament_cmake_args' from command line to 'None'
[0.431s] Level 5:colcon.colcon_core.verb:set package 'yolobot_gazebo' build argument 'catkin_cmake_args' from command line to 'None'
[0.431s] Level 5:colcon.colcon_core.verb:set package 'yolobot_gazebo' build argument 'catkin_skip_building_tests' from command line to 'False'
[0.431s] DEBUG:colcon.colcon_core.verb:Building package 'yolobot_gazebo' with the following arguments: {'ament_cmake_args': None, 'build_base': '/home/hasan/yolobot/build/yolobot_gazebo', 'catkin_cmake_args': None, 'catkin_skip_building_tests': False, 'cmake_args': None, 'cmake_clean_cache': False, 'cmake_clean_first': False, 'cmake_force_configure': False, 'cmake_target': None, 'cmake_target_skip_unavailable': False, 'install_base': '/home/hasan/yolobot/install/yolobot_gazebo', 'merge_install': False, 'path': '/home/hasan/yolobot/src/yolobot_gazebo', 'symlink_install': False, 'test_result_base': None}
[0.432s] Level 5:colcon.colcon_core.verb:set package 'yolobot_recognition' build argument 'cmake_args' from command line to 'None'
[0.432s] Level 5:colcon.colcon_core.verb:set package 'yolobot_recognition' build argument 'cmake_target' from command line to 'None'
[0.432s] Level 5:colcon.colcon_core.verb:set package 'yolobot_recognition' build argument 'cmake_target_skip_unavailable' from command line to 'False'
[0.432s] Level 5:colcon.colcon_core.verb:set package 'yolobot_recognition' build argument 'cmake_clean_cache' from command line to 'False'
[0.432s] Level 5:colcon.colcon_core.verb:set package 'yolobot_recognition' build argument 'cmake_clean_first' from command line to 'False'
[0.432s] Level 5:colcon.colcon_core.verb:set package 'yolobot_recognition' build argument 'cmake_force_configure' from command line to 'False'
[0.432s] Level 5:colcon.colcon_core.verb:set package 'yolobot_recognition' build argument 'ament_cmake_args' from command line to 'None'
[0.432s] Level 5:colcon.colcon_core.verb:set package 'yolobot_recognition' build argument 'catkin_cmake_args' from command line to 'None'
[0.432s] Level 5:colcon.colcon_core.verb:set package 'yolobot_recognition' build argument 'catkin_skip_building_tests' from command line to 'False'
[0.432s] DEBUG:colcon.colcon_core.verb:Building package 'yolobot_recognition' with the following arguments: {'ament_cmake_args': None, 'build_base': '/home/hasan/yolobot/build/yolobot_recognition', 'catkin_cmake_args': None, 'catkin_skip_building_tests': False, 'cmake_args': None, 'cmake_clean_cache': False, 'cmake_clean_first': False, 'cmake_force_configure': False, 'cmake_target': None, 'cmake_target_skip_unavailable': False, 'install_base': '/home/hasan/yolobot/install/yolobot_recognition', 'merge_install': False, 'path': '/home/hasan/yolobot/src/yolobot_recognition', 'symlink_install': False, 'test_result_base': None}
[0.432s] INFO:colcon.colcon_core.executor:Executing jobs using 'parallel' executor
[0.435s] DEBUG:colcon.colcon_parallel_executor.executor.parallel:run_until_complete
[0.436s] INFO:colcon.colcon_ros.task.ament_cmake.build:Building ROS package in '/home/hasan/yolobot/src/yolobot_control' with build type 'ament_cmake'
[0.436s] INFO:colcon.colcon_cmake.task.cmake.build:Building CMake package in '/home/hasan/yolobot/src/yolobot_control'
[0.441s] INFO:colcon.colcon_core.plugin_system:Skipping extension 'colcon_core.shell.bat': Not used on non-Windows systems
[0.442s] INFO:colcon.colcon_core.shell:Skip shell extension 'powershell' for command environment: Not usable outside of PowerShell
[0.442s] DEBUG:colcon.colcon_core.shell:Skip shell extension 'dsv' for command environment
[0.446s] INFO:colcon.colcon_ros.task.ament_cmake.build:Building ROS package in '/home/hasan/yolobot/src/yolobot_description' with build type 'ament_cmake'
[0.447s] INFO:colcon.colcon_cmake.task.cmake.build:Building CMake package in '/home/hasan/yolobot/src/yolobot_description'
[0.448s] INFO:colcon.colcon_core.shell:Skip shell extension 'powershell' for command environment: Not usable outside of PowerShell
[0.448s] DEBUG:colcon.colcon_core.shell:Skip shell extension 'dsv' for command environment
[0.452s] INFO:colcon.colcon_ros.task.ament_cmake.build:Building ROS package in '/home/hasan/yolobot/src/yolobot_gazebo' with build type 'ament_cmake'
[0.452s] INFO:colcon.colcon_cmake.task.cmake.build:Building CMake package in '/home/hasan/yolobot/src/yolobot_gazebo'
[0.453s] INFO:colcon.colcon_core.shell:Skip shell extension 'powershell' for command environment: Not usable outside of PowerShell
[0.453s] DEBUG:colcon.colcon_core.shell:Skip shell extension 'dsv' for command environment
[0.457s] INFO:colcon.colcon_ros.task.ament_cmake.build:Building ROS package in '/home/hasan/yolobot/src/yolobot_recognition' with build type 'ament_cmake'
[0.457s] INFO:colcon.colcon_cmake.task.cmake.build:Building CMake package in '/home/hasan/yolobot/src/yolobot_recognition'
[0.458s] INFO:colcon.colcon_core.shell:Skip shell extension 'powershell' for command environment: Not usable outside of PowerShell
[0.458s] DEBUG:colcon.colcon_core.shell:Skip shell extension 'dsv' for command environment
[0.465s] DEBUG:colcon.colcon_core.event_handler.log_command:Invoking command in '/home/hasan/yolobot/build/yolobot_control': CMAKE_PREFIX_PATH=/opt/ros/foxy /usr/bin/cmake /home/hasan/yolobot/src/yolobot_control -DCMAKE_INSTALL_PREFIX=/home/hasan/yolobot/install/yolobot_control
[0.471s] DEBUG:colcon.colcon_core.event_handler.log_command:Invoking command in '/home/hasan/yolobot/build/yolobot_description': CMAKE_PREFIX_PATH=/opt/ros/foxy /usr/bin/cmake /home/hasan/yolobot/src/yolobot_description -DCMAKE_INSTALL_PREFIX=/home/hasan/yolobot/install/yolobot_description
[0.474s] DEBUG:colcon.colcon_core.event_handler.log_command:Invoking command in '/home/hasan/yolobot/build/yolobot_gazebo': CMAKE_PREFIX_PATH=/opt/ros/foxy /usr/bin/cmake /home/hasan/yolobot/src/yolobot_gazebo -DCMAKE_INSTALL_PREFIX=/home/hasan/yolobot/install/yolobot_gazebo
[0.480s] DEBUG:colcon.colcon_core.event_handler.log_command:Invoking command in '/home/hasan/yolobot/build/yolobot_recognition': CMAKE_PREFIX_PATH=/opt/ros/foxy /usr/bin/cmake /home/hasan/yolobot/src/yolobot_recognition -DCMAKE_INSTALL_PREFIX=/home/hasan/yolobot/install/yolobot_recognition
[1.296s] DEBUG:colcon.colcon_core.event_handler.log_command:Invoked command in '/home/hasan/yolobot/build/yolobot_control' returned '0': CMAKE_PREFIX_PATH=/opt/ros/foxy /usr/bin/cmake /home/hasan/yolobot/src/yolobot_control -DCMAKE_INSTALL_PREFIX=/home/hasan/yolobot/install/yolobot_control
[1.300s] DEBUG:colcon.colcon_core.event_handler.log_command:Invoking command in '/home/hasan/yolobot/build/yolobot_control': CMAKE_PREFIX_PATH=/opt/ros/foxy /usr/bin/cmake --build /home/hasan/yolobot/build/yolobot_control -- -j8 -l8
[1.303s] DEBUG:colcon.colcon_core.event_handler.log_command:Invoked command in '/home/hasan/yolobot/build/yolobot_gazebo' returned '0': CMAKE_PREFIX_PATH=/opt/ros/foxy /usr/bin/cmake /home/hasan/yolobot/src/yolobot_gazebo -DCMAKE_INSTALL_PREFIX=/home/hasan/yolobot/install/yolobot_gazebo
[1.305s] DEBUG:colcon.colcon_core.event_handler.log_command:Invoking command in '/home/hasan/yolobot/build/yolobot_gazebo': CMAKE_PREFIX_PATH=/opt/ros/foxy /usr/bin/cmake --build /home/hasan/yolobot/build/yolobot_gazebo -- -j8 -l8
[1.323s] DEBUG:colcon.colcon_core.event_handler.log_command:Invoked command in '/home/hasan/yolobot/build/yolobot_recognition' returned '0': CMAKE_PREFIX_PATH=/opt/ros/foxy /usr/bin/cmake /home/hasan/yolobot/src/yolobot_recognition -DCMAKE_INSTALL_PREFIX=/home/hasan/yolobot/install/yolobot_recognition
[1.326s] DEBUG:colcon.colcon_core.event_handler.log_command:Invoking command in '/home/hasan/yolobot/build/yolobot_recognition': CMAKE_PREFIX_PATH=/opt/ros/foxy /usr/bin/cmake --build /home/hasan/yolobot/build/yolobot_recognition -- -j8 -l8
[1.337s] DEBUG:colcon.colcon_core.event_handler.log_command:Invoked command in '/home/hasan/yolobot/build/yolobot_control' returned '0': CMAKE_PREFIX_PATH=/opt/ros/foxy /usr/bin/cmake --build /home/hasan/yolobot/build/yolobot_control -- -j8 -l8
[1.341s] DEBUG:colcon.colcon_core.event_handler.log_command:Invoked command in '/home/hasan/yolobot/build/yolobot_description' returned '0': CMAKE_PREFIX_PATH=/opt/ros/foxy /usr/bin/cmake /home/hasan/yolobot/src/yolobot_description -DCMAKE_INSTALL_PREFIX=/home/hasan/yolobot/install/yolobot_description
[1.342s] DEBUG:colcon.colcon_core.event_handler.log_command:Invoking command in '/home/hasan/yolobot/build/yolobot_description': CMAKE_PREFIX_PATH=/opt/ros/foxy /usr/bin/cmake --build /home/hasan/yolobot/build/yolobot_description -- -j8 -l8
[1.346s] DEBUG:colcon.colcon_core.event_handler.log_command:Invoked command in '/home/hasan/yolobot/build/yolobot_gazebo' returned '0': CMAKE_PREFIX_PATH=/opt/ros/foxy /usr/bin/cmake --build /home/hasan/yolobot/build/yolobot_gazebo -- -j8 -l8
[1.367s] DEBUG:colcon.colcon_core.event_handler.log_command:Invoking command in '/home/hasan/yolobot/build/yolobot_control': CMAKE_PREFIX_PATH=/opt/ros/foxy /usr/bin/cmake --install /home/hasan/yolobot/build/yolobot_control
[1.372s] DEBUG:colcon.colcon_core.event_handler.log_command:Invoking command in '/home/hasan/yolobot/build/yolobot_gazebo': CMAKE_PREFIX_PATH=/opt/ros/foxy /usr/bin/cmake --install /home/hasan/yolobot/build/yolobot_gazebo
[1.374s] DEBUG:colcon.colcon_core.event_handler.log_command:Invoked command in '/home/hasan/yolobot/build/yolobot_recognition' returned '0': CMAKE_PREFIX_PATH=/opt/ros/foxy /usr/bin/cmake --build /home/hasan/yolobot/build/yolobot_recognition -- -j8 -l8
[1.380s] Level 1:colcon.colcon_core.environment:create_environment_scripts_only(yolobot_control)
[1.381s] DEBUG:colcon.colcon_core.event_handler.log_command:Invoked command in '/home/hasan/yolobot/build/yolobot_control' returned '0': CMAKE_PREFIX_PATH=/opt/ros/foxy /usr/bin/cmake --install /home/hasan/yolobot/build/yolobot_control
[1.389s] Level 1:colcon.colcon_core.environment:checking '/home/hasan/yolobot/install/yolobot_control' for CMake module files
[1.389s] Level 1:colcon.colcon_core.environment:checking '/home/hasan/yolobot/install/yolobot_control' for CMake config files
[1.390s] Level 1:colcon.colcon_core.shell:create_environment_hook('yolobot_control', 'cmake_prefix_path')
[1.391s] INFO:colcon.colcon_core.shell:Creating environment hook '/home/hasan/yolobot/install/yolobot_control/share/yolobot_control/hook/cmake_prefix_path.ps1'
[1.392s] INFO:colcon.colcon_core.shell:Creating environment descriptor '/home/hasan/yolobot/install/yolobot_control/share/yolobot_control/hook/cmake_prefix_path.dsv'
[1.392s] INFO:colcon.colcon_core.shell:Creating environment hook '/home/hasan/yolobot/install/yolobot_control/share/yolobot_control/hook/cmake_prefix_path.sh'
[1.393s] Level 1:colcon.colcon_core.environment:checking '/home/hasan/yolobot/install/yolobot_control/lib'
[1.393s] Level 1:colcon.colcon_core.environment:checking '/home/hasan/yolobot/install/yolobot_control/bin'
[1.393s] Level 1:colcon.colcon_core.environment:checking '/home/hasan/yolobot/install/yolobot_control/lib/pkgconfig/yolobot_control.pc'
[1.393s] Level 1:colcon.colcon_core.environment:checking '/home/hasan/yolobot/install/yolobot_control/lib/python3.8/site-packages'
[1.394s] Level 1:colcon.colcon_core.environment:checking '/home/hasan/yolobot/install/yolobot_control/bin'
[1.395s] INFO:colcon.colcon_core.shell:Creating package script '/home/hasan/yolobot/install/yolobot_control/share/yolobot_control/package.ps1'
[1.395s] INFO:colcon.colcon_core.shell:Creating package descriptor '/home/hasan/yolobot/install/yolobot_control/share/yolobot_control/package.dsv'
[1.396s] INFO:colcon.colcon_core.shell:Creating package script '/home/hasan/yolobot/install/yolobot_control/share/yolobot_control/package.sh'
[1.396s] INFO:colcon.colcon_core.shell:Creating package script '/home/hasan/yolobot/install/yolobot_control/share/yolobot_control/package.bash'
[1.397s] INFO:colcon.colcon_core.shell:Creating package script '/home/hasan/yolobot/install/yolobot_control/share/yolobot_control/package.zsh'
[1.398s] Level 1:colcon.colcon_core.environment:create_file_with_runtime_dependencies(/home/hasan/yolobot/install/yolobot_control/share/colcon-core/packages/yolobot_control)
[1.401s] DEBUG:colcon.colcon_core.event_handler.log_command:Invoked command in '/home/hasan/yolobot/build/yolobot_description' returned '0': CMAKE_PREFIX_PATH=/opt/ros/foxy /usr/bin/cmake --build /home/hasan/yolobot/build/yolobot_description -- -j8 -l8
[1.406s] DEBUG:colcon.colcon_core.event_handler.log_command:Invoking command in '/home/hasan/yolobot/build/yolobot_recognition': CMAKE_PREFIX_PATH=/opt/ros/foxy /usr/bin/cmake --install /home/hasan/yolobot/build/yolobot_recognition
[1.409s] Level 1:colcon.colcon_core.environment:create_environment_scripts_only(yolobot_gazebo)
[1.412s] Level 1:colcon.colcon_core.environment:checking '/home/hasan/yolobot/install/yolobot_gazebo' for CMake module files
[1.413s] DEBUG:colcon.colcon_core.event_handler.log_command:Invoked command in '/home/hasan/yolobot/build/yolobot_gazebo' returned '0': CMAKE_PREFIX_PATH=/opt/ros/foxy /usr/bin/cmake --install /home/hasan/yolobot/build/yolobot_gazebo
[1.414s] Level 1:colcon.colcon_core.environment:checking '/home/hasan/yolobot/install/yolobot_gazebo' for CMake config files
[1.414s] Level 1:colcon.colcon_core.shell:create_environment_hook('yolobot_gazebo', 'cmake_prefix_path')
[1.416s] INFO:colcon.colcon_core.shell:Creating environment hook '/home/hasan/yolobot/install/yolobot_gazebo/share/yolobot_gazebo/hook/cmake_prefix_path.ps1'
[1.416s] INFO:colcon.colcon_core.shell:Creating environment descriptor '/home/hasan/yolobot/install/yolobot_gazebo/share/yolobot_gazebo/hook/cmake_prefix_path.dsv'
[1.417s] INFO:colcon.colcon_core.shell:Creating environment hook '/home/hasan/yolobot/install/yolobot_gazebo/share/yolobot_gazebo/hook/cmake_prefix_path.sh'
[1.417s] Level 1:colcon.colcon_core.environment:checking '/home/hasan/yolobot/install/yolobot_gazebo/bin'
[1.417s] Level 1:colcon.colcon_core.environment:checking '/home/hasan/yolobot/install/yolobot_gazebo/lib/pkgconfig/yolobot_gazebo.pc'
[1.418s] Level 1:colcon.colcon_core.environment:checking '/home/hasan/yolobot/install/yolobot_gazebo/lib/python3.8/site-packages'
[1.418s] Level 1:colcon.colcon_core.environment:checking '/home/hasan/yolobot/install/yolobot_gazebo/bin'
[1.420s] INFO:colcon.colcon_core.shell:Creating package script '/home/hasan/yolobot/install/yolobot_gazebo/share/yolobot_gazebo/package.ps1'
[1.420s] INFO:colcon.colcon_core.shell:Creating package descriptor '/home/hasan/yolobot/install/yolobot_gazebo/share/yolobot_gazebo/package.dsv'
[1.421s] INFO:colcon.colcon_core.shell:Creating package script '/home/hasan/yolobot/install/yolobot_gazebo/share/yolobot_gazebo/package.sh'
[1.421s] INFO:colcon.colcon_core.shell:Creating package script '/home/hasan/yolobot/install/yolobot_gazebo/share/yolobot_gazebo/package.bash'
[1.421s] INFO:colcon.colcon_core.shell:Creating package script '/home/hasan/yolobot/install/yolobot_gazebo/share/yolobot_gazebo/package.zsh'
[1.421s] Level 1:colcon.colcon_core.environment:create_file_with_runtime_dependencies(/home/hasan/yolobot/install/yolobot_gazebo/share/colcon-core/packages/yolobot_gazebo)
[1.426s] Level 1:colcon.colcon_core.environment:create_environment_scripts_only(yolobot_control)
[1.427s] Level 1:colcon.colcon_core.environment:checking '/home/hasan/yolobot/install/yolobot_control' for CMake module files
[1.429s] Level 1:colcon.colcon_core.environment:checking '/home/hasan/yolobot/install/yolobot_control' for CMake config files
[1.429s] Level 1:colcon.colcon_core.shell:create_environment_hook('yolobot_control', 'cmake_prefix_path')
[1.431s] INFO:colcon.colcon_core.shell:Creating environment hook '/home/hasan/yolobot/install/yolobot_control/share/yolobot_control/hook/cmake_prefix_path.ps1'
[1.431s] INFO:colcon.colcon_core.shell:Creating environment descriptor '/home/hasan/yolobot/install/yolobot_control/share/yolobot_control/hook/cmake_prefix_path.dsv'
[1.431s] INFO:colcon.colcon_core.shell:Creating environment hook '/home/hasan/yolobot/install/yolobot_control/share/yolobot_control/hook/cmake_prefix_path.sh'
[1.432s] Level 1:colcon.colcon_core.environment:checking '/home/hasan/yolobot/install/yolobot_control/lib'
[1.432s] Level 1:colcon.colcon_core.environment:checking '/home/hasan/yolobot/install/yolobot_control/bin'
[1.432s] Level 1:colcon.colcon_core.environment:checking '/home/hasan/yolobot/install/yolobot_control/lib/pkgconfig/yolobot_control.pc'
[1.432s] Level 1:colcon.colcon_core.environment:checking '/home/hasan/yolobot/install/yolobot_control/lib/python3.8/site-packages'
[1.432s] Level 1:colcon.colcon_core.environment:checking '/home/hasan/yolobot/install/yolobot_control/bin'
[1.433s] INFO:colcon.colcon_core.shell:Creating package script '/home/hasan/yolobot/install/yolobot_control/share/yolobot_control/package.ps1'
[1.434s] INFO:colcon.colcon_core.shell:Creating package descriptor '/home/hasan/yolobot/install/yolobot_control/share/yolobot_control/package.dsv'
[1.434s] INFO:colcon.colcon_core.shell:Creating package script '/home/hasan/yolobot/install/yolobot_control/share/yolobot_control/package.sh'
[1.434s] INFO:colcon.colcon_core.shell:Creating package script '/home/hasan/yolobot/install/yolobot_control/share/yolobot_control/package.bash'
[1.435s] INFO:colcon.colcon_core.shell:Creating package script '/home/hasan/yolobot/install/yolobot_control/share/yolobot_control/package.zsh'
[1.435s] Level 1:colcon.colcon_core.environment:create_file_with_runtime_dependencies(/home/hasan/yolobot/install/yolobot_control/share/colcon-core/packages/yolobot_control)
[1.438s] DEBUG:colcon.colcon_core.event_handler.log_command:Invoking command in '/home/hasan/yolobot/build/yolobot_description': CMAKE_PREFIX_PATH=/opt/ros/foxy /usr/bin/cmake --install /home/hasan/yolobot/build/yolobot_description
[1.438s] Level 1:colcon.colcon_core.environment:create_environment_scripts_only(yolobot_recognition)
[1.440s] Level 1:colcon.colcon_core.environment:checking '/home/hasan/yolobot/install/yolobot_recognition' for CMake module files
[1.441s] DEBUG:colcon.colcon_core.event_handler.log_command:Invoked command in '/home/hasan/yolobot/build/yolobot_recognition' returned '0': CMAKE_PREFIX_PATH=/opt/ros/foxy /usr/bin/cmake --install /home/hasan/yolobot/build/yolobot_recognition
[1.441s] Level 1:colcon.colcon_core.environment:checking '/home/hasan/yolobot/install/yolobot_recognition' for CMake config files
[1.441s] Level 1:colcon.colcon_core.shell:create_environment_hook('yolobot_recognition', 'cmake_prefix_path')
[1.442s] INFO:colcon.colcon_core.shell:Creating environment hook '/home/hasan/yolobot/install/yolobot_recognition/share/yolobot_recognition/hook/cmake_prefix_path.ps1'
[1.443s] INFO:colcon.colcon_core.shell:Creating environment descriptor '/home/hasan/yolobot/install/yolobot_recognition/share/yolobot_recognition/hook/cmake_prefix_path.dsv'
[1.445s] INFO:colcon.colcon_core.shell:Creating environment hook '/home/hasan/yolobot/install/yolobot_recognition/share/yolobot_recognition/hook/cmake_prefix_path.sh'
[1.447s] Level 1:colcon.colcon_core.environment:checking '/home/hasan/yolobot/install/yolobot_recognition/bin'
[1.447s] Level 1:colcon.colcon_core.environment:checking '/home/hasan/yolobot/install/yolobot_recognition/lib/pkgconfig/yolobot_recognition.pc'
[1.447s] Level 1:colcon.colcon_core.environment:checking '/home/hasan/yolobot/install/yolobot_recognition/lib/python3.8/site-packages'
[1.448s] Level 1:colcon.colcon_core.environment:checking '/home/hasan/yolobot/install/yolobot_recognition/bin'
[1.449s] INFO:colcon.colcon_core.shell:Creating package script '/home/hasan/yolobot/install/yolobot_recognition/share/yolobot_recognition/package.ps1'
[1.450s] INFO:colcon.colcon_core.shell:Creating package descriptor '/home/hasan/yolobot/install/yolobot_recognition/share/yolobot_recognition/package.dsv'
[1.450s] INFO:colcon.colcon_core.shell:Creating package script '/home/hasan/yolobot/install/yolobot_recognition/share/yolobot_recognition/package.sh'
[1.450s] INFO:colcon.colcon_core.shell:Creating package script '/home/hasan/yolobot/install/yolobot_recognition/share/yolobot_recognition/package.bash'
[1.451s] INFO:colcon.colcon_core.shell:Creating package script '/home/hasan/yolobot/install/yolobot_recognition/share/yolobot_recognition/package.zsh'
[1.451s] Level 1:colcon.colcon_core.environment:create_file_with_runtime_dependencies(/home/hasan/yolobot/install/yolobot_recognition/share/colcon-core/packages/yolobot_recognition)
[1.455s] Level 1:colcon.colcon_core.environment:create_environment_scripts_only(yolobot_gazebo)
[1.457s] Level 1:colcon.colcon_core.environment:checking '/home/hasan/yolobot/install/yolobot_gazebo' for CMake module files
[1.458s] Level 1:colcon.colcon_core.environment:checking '/home/hasan/yolobot/install/yolobot_gazebo' for CMake config files
[1.458s] Level 1:colcon.colcon_core.shell:create_environment_hook('yolobot_gazebo', 'cmake_prefix_path')
[1.459s] INFO:colcon.colcon_core.shell:Creating environment hook '/home/hasan/yolobot/install/yolobot_gazebo/share/yolobot_gazebo/hook/cmake_prefix_path.ps1'
[1.459s] INFO:colcon.colcon_core.shell:Creating environment descriptor '/home/hasan/yolobot/install/yolobot_gazebo/share/yolobot_gazebo/hook/cmake_prefix_path.dsv'
[1.460s] INFO:colcon.colcon_core.shell:Creating environment hook '/home/hasan/yolobot/install/yolobot_gazebo/share/yolobot_gazebo/hook/cmake_prefix_path.sh'
[1.460s] Level 1:colcon.colcon_core.environment:checking '/home/hasan/yolobot/install/yolobot_gazebo/bin'
[1.460s] Level 1:colcon.colcon_core.environment:checking '/home/hasan/yolobot/install/yolobot_gazebo/lib/pkgconfig/yolobot_gazebo.pc'
[1.460s] Level 1:colcon.colcon_core.environment:checking '/home/hasan/yolobot/install/yolobot_gazebo/lib/python3.8/site-packages'
[1.460s] Level 1:colcon.colcon_core.environment:checking '/home/hasan/yolobot/install/yolobot_gazebo/bin'
[1.462s] INFO:colcon.colcon_core.shell:Creating package script '/home/hasan/yolobot/install/yolobot_gazebo/share/yolobot_gazebo/package.ps1'
[1.462s] INFO:colcon.colcon_core.shell:Creating package descriptor '/home/hasan/yolobot/install/yolobot_gazebo/share/yolobot_gazebo/package.dsv'
[1.463s] INFO:colcon.colcon_core.shell:Creating package script '/home/hasan/yolobot/install/yolobot_gazebo/share/yolobot_gazebo/package.sh'
[1.463s] INFO:colcon.colcon_core.shell:Creating package script '/home/hasan/yolobot/install/yolobot_gazebo/share/yolobot_gazebo/package.bash'
[1.464s] INFO:colcon.colcon_core.shell:Creating package script '/home/hasan/yolobot/install/yolobot_gazebo/share/yolobot_gazebo/package.zsh'
[1.464s] Level 1:colcon.colcon_core.environment:create_file_with_runtime_dependencies(/home/hasan/yolobot/install/yolobot_gazebo/share/colcon-core/packages/yolobot_gazebo)
[1.464s] Level 1:colcon.colcon_core.environment:create_environment_scripts_only(yolobot_description)
[1.466s] Level 1:colcon.colcon_core.environment:checking '/home/hasan/yolobot/install/yolobot_description' for CMake module files
[1.467s] DEBUG:colcon.colcon_core.event_handler.log_command:Invoked command in '/home/hasan/yolobot/build/yolobot_description' returned '0': CMAKE_PREFIX_PATH=/opt/ros/foxy /usr/bin/cmake --install /home/hasan/yolobot/build/yolobot_description
[1.467s] Level 1:colcon.colcon_core.environment:checking '/home/hasan/yolobot/install/yolobot_description' for CMake config files
[1.467s] Level 1:colcon.colcon_core.shell:create_environment_hook('yolobot_description', 'cmake_prefix_path')
[1.468s] INFO:colcon.colcon_core.shell:Creating environment hook '/home/hasan/yolobot/install/yolobot_description/share/yolobot_description/hook/cmake_prefix_path.ps1'
[1.469s] INFO:colcon.colcon_core.shell:Creating environment descriptor '/home/hasan/yolobot/install/yolobot_description/share/yolobot_description/hook/cmake_prefix_path.dsv'
[1.469s] INFO:colcon.colcon_core.shell:Creating environment hook '/home/hasan/yolobot/install/yolobot_description/share/yolobot_description/hook/cmake_prefix_path.sh'
[1.470s] Level 1:colcon.colcon_core.environment:checking '/home/hasan/yolobot/install/yolobot_description/lib'
[1.470s] Level 1:colcon.colcon_core.environment:checking '/home/hasan/yolobot/install/yolobot_description/bin'
[1.470s] Level 1:colcon.colcon_core.environment:checking '/home/hasan/yolobot/install/yolobot_description/lib/pkgconfig/yolobot_description.pc'
[1.470s] Level 1:colcon.colcon_core.environment:checking '/home/hasan/yolobot/install/yolobot_description/lib/python3.8/site-packages'
[1.470s] Level 1:colcon.colcon_core.environment:checking '/home/hasan/yolobot/install/yolobot_description/bin'
[1.471s] INFO:colcon.colcon_core.shell:Creating package script '/home/hasan/yolobot/install/yolobot_description/share/yolobot_description/package.ps1'
[1.472s] INFO:colcon.colcon_core.shell:Creating package descriptor '/home/hasan/yolobot/install/yolobot_description/share/yolobot_description/package.dsv'
[1.472s] INFO:colcon.colcon_core.shell:Creating package script '/home/hasan/yolobot/install/yolobot_description/share/yolobot_description/package.sh'
[1.472s] INFO:colcon.colcon_core.shell:Creating package script '/home/hasan/yolobot/install/yolobot_description/share/yolobot_description/package.bash'
[1.472s] INFO:colcon.colcon_core.shell:Creating package script '/home/hasan/yolobot/install/yolobot_description/share/yolobot_description/package.zsh'
[1.473s] Level 1:colcon.colcon_core.environment:create_file_with_runtime_dependencies(/home/hasan/yolobot/install/yolobot_description/share/colcon-core/packages/yolobot_description)
[1.477s] Level 1:colcon.colcon_core.environment:create_environment_scripts_only(yolobot_recognition)
[1.479s] Level 1:colcon.colcon_core.environment:checking '/home/hasan/yolobot/install/yolobot_recognition' for CMake module files
[1.479s] Level 1:colcon.colcon_core.environment:checking '/home/hasan/yolobot/install/yolobot_recognition' for CMake config files
[1.480s] Level 1:colcon.colcon_core.shell:create_environment_hook('yolobot_recognition', 'cmake_prefix_path')
[1.481s] INFO:colcon.colcon_core.shell:Creating environment hook '/home/hasan/yolobot/install/yolobot_recognition/share/yolobot_recognition/hook/cmake_prefix_path.ps1'
[1.481s] INFO:colcon.colcon_core.shell:Creating environment descriptor '/home/hasan/yolobot/install/yolobot_recognition/share/yolobot_recognition/hook/cmake_prefix_path.dsv'
[1.482s] INFO:colcon.colcon_core.shell:Creating environment hook '/home/hasan/yolobot/install/yolobot_recognition/share/yolobot_recognition/hook/cmake_prefix_path.sh'
[1.482s] Level 1:colcon.colcon_core.environment:checking '/home/hasan/yolobot/install/yolobot_recognition/bin'
[1.482s] Level 1:colcon.colcon_core.environment:checking '/home/hasan/yolobot/install/yolobot_recognition/lib/pkgconfig/yolobot_recognition.pc'
[1.482s] Level 1:colcon.colcon_core.environment:checking '/home/hasan/yolobot/install/yolobot_recognition/lib/python3.8/site-packages'
[1.483s] Level 1:colcon.colcon_core.environment:checking '/home/hasan/yolobot/install/yolobot_recognition/bin'
[1.484s] INFO:colcon.colcon_core.shell:Creating package script '/home/hasan/yolobot/install/yolobot_recognition/share/yolobot_recognition/package.ps1'
[1.484s] INFO:colcon.colcon_core.shell:Creating package descriptor '/home/hasan/yolobot/install/yolobot_recognition/share/yolobot_recognition/package.dsv'
[1.485s] INFO:colcon.colcon_core.shell:Creating package script '/home/hasan/yolobot/install/yolobot_recognition/share/yolobot_recognition/package.sh'
[1.485s] INFO:colcon.colcon_core.shell:Creating package script '/home/hasan/yolobot/install/yolobot_recognition/share/yolobot_recognition/package.bash'
[1.485s] INFO:colcon.colcon_core.shell:Creating package script '/home/hasan/yolobot/install/yolobot_recognition/share/yolobot_recognition/package.zsh'
[1.486s] Level 1:colcon.colcon_core.environment:create_file_with_runtime_dependencies(/home/hasan/yolobot/install/yolobot_recognition/share/colcon-core/packages/yolobot_recognition)
[1.490s] Level 1:colcon.colcon_core.environment:create_environment_scripts_only(yolobot_description)
[1.495s] Level 1:colcon.colcon_core.environment:checking '/home/hasan/yolobot/install/yolobot_description' for CMake module files
[1.495s] Level 1:colcon.colcon_core.environment:checking '/home/hasan/yolobot/install/yolobot_description' for CMake config files
[1.495s] Level 1:colcon.colcon_core.shell:create_environment_hook('yolobot_description', 'cmake_prefix_path')
[1.496s] INFO:colcon.colcon_core.shell:Creating environment hook '/home/hasan/yolobot/install/yolobot_description/share/yolobot_description/hook/cmake_prefix_path.ps1'
[1.497s] INFO:colcon.colcon_core.shell:Creating environment descriptor '/home/hasan/yolobot/install/yolobot_description/share/yolobot_description/hook/cmake_prefix_path.dsv'
[1.497s] INFO:colcon.colcon_core.shell:Creating environment hook '/home/hasan/yolobot/install/yolobot_description/share/yolobot_description/hook/cmake_prefix_path.sh'
[1.498s] Level 1:colcon.colcon_core.environment:checking '/home/hasan/yolobot/install/yolobot_description/lib'
[1.498s] Level 1:colcon.colcon_core.environment:checking '/home/hasan/yolobot/install/yolobot_description/bin'
[1.498s] Level 1:colcon.colcon_core.environment:checking '/home/hasan/yolobot/install/yolobot_description/lib/pkgconfig/yolobot_description.pc'
[1.498s] Level 1:colcon.colcon_core.environment:checking '/home/hasan/yolobot/install/yolobot_description/lib/python3.8/site-packages'
[1.499s] Level 1:colcon.colcon_core.environment:checking '/home/hasan/yolobot/install/yolobot_description/bin'
[1.501s] INFO:colcon.colcon_core.shell:Creating package script '/home/hasan/yolobot/install/yolobot_description/share/yolobot_description/package.ps1'
[1.501s] INFO:colcon.colcon_core.shell:Creating package descriptor '/home/hasan/yolobot/install/yolobot_description/share/yolobot_description/package.dsv'
[1.502s] INFO:colcon.colcon_core.shell:Creating package script '/home/hasan/yolobot/install/yolobot_description/share/yolobot_description/package.sh'
[1.502s] INFO:colcon.colcon_core.shell:Creating package script '/home/hasan/yolobot/install/yolobot_description/share/yolobot_description/package.bash'
[1.502s] INFO:colcon.colcon_core.shell:Creating package script '/home/hasan/yolobot/install/yolobot_description/share/yolobot_description/package.zsh'
[1.503s] Level 1:colcon.colcon_core.environment:create_file_with_runtime_dependencies(/home/hasan/yolobot/install/yolobot_description/share/colcon-core/packages/yolobot_description)
[1.503s] DEBUG:colcon.colcon_parallel_executor.executor.parallel:closing loop
[1.504s] DEBUG:colcon.colcon_parallel_executor.executor.parallel:loop closed
[1.504s] DEBUG:colcon.colcon_parallel_executor.executor.parallel:run_until_complete finished with '0'
[1.504s] DEBUG:colcon.colcon_core.event_reactor:joining thread
[1.512s] INFO:colcon.colcon_core.plugin_system:Skipping extension 'colcon_notification.desktop_notification.terminal_notifier': Not used on non-Darwin systems
[1.512s] INFO:colcon.colcon_core.plugin_system:Skipping extension 'colcon_notification.desktop_notification.win32': Not used on non-Windows systems
[1.512s] INFO:colcon.colcon_notification.desktop_notification:Sending desktop notification using 'notify2'
[1.535s] DEBUG:colcon.colcon_core.event_reactor:joined thread
[1.537s] INFO:colcon.colcon_core.shell:Creating prefix script '/home/hasan/yolobot/install/local_setup.ps1'
[1.538s] INFO:colcon.colcon_core.shell:Creating prefix util module '/home/hasan/yolobot/install/_local_setup_util_ps1.py'
[1.539s] INFO:colcon.colcon_core.shell:Creating prefix chain script '/home/hasan/yolobot/install/setup.ps1'
[1.541s] INFO:colcon.colcon_core.shell:Creating prefix script '/home/hasan/yolobot/install/local_setup.sh'
[1.541s] INFO:colcon.colcon_core.shell:Creating prefix util module '/home/hasan/yolobot/install/_local_setup_util_sh.py'
[1.542s] INFO:colcon.colcon_core.shell:Creating prefix chain script '/home/hasan/yolobot/install/setup.sh'
[1.543s] INFO:colcon.colcon_core.shell:Creating prefix script '/home/hasan/yolobot/install/local_setup.bash'
[1.544s] INFO:colcon.colcon_core.shell:Creating prefix chain script '/home/hasan/yolobot/install/setup.bash'
[1.545s] INFO:colcon.colcon_core.shell:Creating prefix script '/home/hasan/yolobot/install/local_setup.zsh'
[1.545s] INFO:colcon.colcon_core.shell:Creating prefix chain script '/home/hasan/yolobot/install/setup.zsh'
