[0.027s] Invoking command in '/home/hasan/yolobot/build/yolobot_description': CMAKE_PREFIX_PATH=/opt/ros/foxy /usr/bin/cmake --build /home/hasan/yolobot/build/yolobot_description -- -j8 -l8
[0.091s] Invoked command in '/home/hasan/yolobot/build/yolobot_description' returned '0': CMAKE_PREFIX_PATH=/opt/ros/foxy /usr/bin/cmake --build /home/hasan/yolobot/build/yolobot_description -- -j8 -l8
[0.117s] Invoking command in '/home/hasan/yolobot/build/yolobot_description': CMAKE_PREFIX_PATH=/opt/ros/foxy /usr/bin/cmake --install /home/hasan/yolobot/build/yolobot_description
[0.129s] -- Install configuration: ""
[0.129s] -- Up-to-date: /home/hasan/yolobot/install/yolobot_description/share/yolobot_description//launch
[0.129s] -- Up-to-date: /home/hasan/yolobot/install/yolobot_description/share/yolobot_description//launch/spawn_yolobot_launch.launch.py
[0.129s] -- Up-to-date: /home/hasan/yolobot/install/yolobot_description/share/yolobot_description//launch/spawn_yolobot.py
[0.129s] -- Up-to-date: /home/hasan/yolobot/install/yolobot_description/share/yolobot_description//robot
[0.129s] -- Up-to-date: /home/hasan/yolobot/install/yolobot_description/share/yolobot_description//robot/yolobot.urdf
[0.129s] -- Up-to-date: /home/hasan/yolobot/install/yolobot_description/lib/yolobot_description/spawn_yolobot.py
[0.129s] -- Up-to-date: /home/hasan/yolobot/install/yolobot_description/share/ament_index/resource_index/package_run_dependencies/yolobot_description
[0.129s] -- Up-to-date: /home/hasan/yolobot/install/yolobot_description/share/ament_index/resource_index/parent_prefix_path/yolobot_description
[0.130s] -- Up-to-date: /home/hasan/yolobot/install/yolobot_description/share/yolobot_description/environment/ament_prefix_path.sh
[0.130s] -- Up-to-date: /home/hasan/yolobot/install/yolobot_description/share/yolobot_description/environment/ament_prefix_path.dsv
[0.130s] -- Up-to-date: /home/hasan/yolobot/install/yolobot_description/share/yolobot_description/environment/path.sh
[0.130s] -- Up-to-date: /home/hasan/yolobot/install/yolobot_description/share/yolobot_description/environment/path.dsv
[0.130s] -- Up-to-date: /home/hasan/yolobot/install/yolobot_description/share/yolobot_description/local_setup.bash
[0.130s] -- Up-to-date: /home/hasan/yolobot/install/yolobot_description/share/yolobot_description/local_setup.sh
[0.130s] -- Up-to-date: /home/hasan/yolobot/install/yolobot_description/share/yolobot_description/local_setup.zsh
[0.130s] -- Up-to-date: /home/hasan/yolobot/install/yolobot_description/share/yolobot_description/local_setup.dsv
[0.130s] -- Installing: /home/hasan/yolobot/install/yolobot_description/share/yolobot_description/package.dsv
[0.130s] -- Up-to-date: /home/hasan/yolobot/install/yolobot_description/share/ament_index/resource_index/packages/yolobot_description
[0.130s] -- Up-to-date: /home/hasan/yolobot/install/yolobot_description/share/yolobot_description/cmake/yolobot_descriptionConfig.cmake
[0.130s] -- Up-to-date: /home/hasan/yolobot/install/yolobot_description/share/yolobot_description/cmake/yolobot_descriptionConfig-version.cmake
[0.130s] -- Up-to-date: /home/hasan/yolobot/install/yolobot_description/share/yolobot_description/package.xml
[0.175s] Invoked command in '/home/hasan/yolobot/build/yolobot_description' returned '0': CMAKE_PREFIX_PATH=/opt/ros/foxy /usr/bin/cmake --install /home/hasan/yolobot/build/yolobot_description
