[0.326s] DEBUG:colcon:Command line arguments: ['/usr/bin/colcon', 'build']
[0.326s] DEBUG:colcon:Parsed command line arguments: Namespace(allow_overriding=[], ament_cmake_args=None, base_paths=['.'], build_base='build', catkin_cmake_args=None, catkin_skip_building_tests=False, cmake_args=None, cmake_clean_cache=False, cmake_clean_first=False, cmake_force_configure=False, cmake_target=None, cmake_target_skip_unavailable=False, continue_on_error=False, event_handlers=None, executor='parallel', ignore_user_meta=False, install_base='install', log_base=None, log_level=None, main=<bound method BuildVerb.main of <colcon_core.verb.build.BuildVerb object at 0x7f87731f9b80>>, merge_install=False, metas=['./colcon.meta'], packages_above=None, packages_above_and_dependencies=None, packages_above_depth=None, packages_end=None, packages_ignore=None, packages_ignore_regex=None, packages_select=None, packages_select_build_failed=False, packages_select_by_dep=None, packages_select_regex=None, packages_select_test_failures=False, packages_skip=None, packages_skip_build_finished=False, packages_skip_by_dep=None, packages_skip_regex=None, packages_skip_test_passed=False, packages_skip_up_to=None, packages_start=None, packages_up_to=None, packages_up_to_regex=None, parallel_workers=8, paths=None, symlink_install=False, test_result_base=None, verb_extension=<colcon_core.verb.build.BuildVerb object at 0x7f87731f9b80>, verb_name='build', verb_parser=<colcon_defaults.argument_parser.defaults.DefaultArgumentsDecorator object at 0x7f8773206130>)
[0.356s] Level 1:colcon.colcon_core.package_discovery:discover_packages(colcon_meta) check parameters
[0.356s] Level 1:colcon.colcon_core.package_discovery:discover_packages(recursive) check parameters
[0.356s] Level 1:colcon.colcon_core.package_discovery:discover_packages(ignore) check parameters
[0.356s] Level 1:colcon.colcon_core.package_discovery:discover_packages(path) check parameters
[0.356s] Level 1:colcon.colcon_core.package_discovery:discover_packages(colcon_meta) discover
[0.357s] Level 1:colcon.colcon_core.package_discovery:discover_packages(recursive) discover
[0.357s] INFO:colcon.colcon_core.package_discovery:Crawling recursively for packages in '/home/hasan/yolobot'
[0.357s] Level 1:colcon.colcon_core.package_identification:_identify(.) by extensions ['ignore', 'ignore_ament_install']
[0.357s] Level 1:colcon.colcon_core.package_identification:_identify(.) by extension 'ignore'
[0.357s] Level 1:colcon.colcon_core.package_identification:_identify(.) by extension 'ignore_ament_install'
[0.357s] Level 1:colcon.colcon_core.package_identification:_identify(.) by extensions ['colcon_pkg']
[0.357s] Level 1:colcon.colcon_core.package_identification:_identify(.) by extension 'colcon_pkg'
[0.357s] Level 1:colcon.colcon_core.package_identification:_identify(.) by extensions ['colcon_meta']
[0.357s] Level 1:colcon.colcon_core.package_identification:_identify(.) by extension 'colcon_meta'
[0.357s] Level 1:colcon.colcon_core.package_identification:_identify(.) by extensions ['ros']
[0.357s] Level 1:colcon.colcon_core.package_identification:_identify(.) by extension 'ros'
[0.372s] Level 1:colcon.colcon_core.package_identification:_identify(.) by extensions ['cmake', 'python']
[0.372s] Level 1:colcon.colcon_core.package_identification:_identify(.) by extension 'cmake'
[0.372s] Level 1:colcon.colcon_core.package_identification:_identify(.) by extension 'python'
[0.373s] Level 1:colcon.colcon_core.package_identification:_identify(.) by extensions ['python_setup_py']
[0.373s] Level 1:colcon.colcon_core.package_identification:_identify(.) by extension 'python_setup_py'
[0.373s] Level 1:colcon.colcon_core.package_identification:_identify(build) by extensions ['ignore', 'ignore_ament_install']
[0.373s] Level 1:colcon.colcon_core.package_identification:_identify(build) by extension 'ignore'
[0.373s] Level 1:colcon.colcon_core.package_identification:_identify(build) ignored
[0.373s] Level 1:colcon.colcon_core.package_identification:_identify(install) by extensions ['ignore', 'ignore_ament_install']
[0.373s] Level 1:colcon.colcon_core.package_identification:_identify(install) by extension 'ignore'
[0.373s] Level 1:colcon.colcon_core.package_identification:_identify(install) ignored
[0.373s] Level 1:colcon.colcon_core.package_identification:_identify(log) by extensions ['ignore', 'ignore_ament_install']
[0.373s] Level 1:colcon.colcon_core.package_identification:_identify(log) by extension 'ignore'
[0.373s] Level 1:colcon.colcon_core.package_identification:_identify(log) ignored
[0.373s] Level 1:colcon.colcon_core.package_identification:_identify(src) by extensions ['ignore', 'ignore_ament_install']
[0.373s] Level 1:colcon.colcon_core.package_identification:_identify(src) by extension 'ignore'
[0.373s] Level 1:colcon.colcon_core.package_identification:_identify(src) by extension 'ignore_ament_install'
[0.373s] Level 1:colcon.colcon_core.package_identification:_identify(src) by extensions ['colcon_pkg']
[0.373s] Level 1:colcon.colcon_core.package_identification:_identify(src) by extension 'colcon_pkg'
[0.373s] Level 1:colcon.colcon_core.package_identification:_identify(src) by extensions ['colcon_meta']
[0.373s] Level 1:colcon.colcon_core.package_identification:_identify(src) by extension 'colcon_meta'
[0.374s] Level 1:colcon.colcon_core.package_identification:_identify(src) by extensions ['ros']
[0.374s] Level 1:colcon.colcon_core.package_identification:_identify(src) by extension 'ros'
[0.374s] Level 1:colcon.colcon_core.package_identification:_identify(src) by extensions ['cmake', 'python']
[0.374s] Level 1:colcon.colcon_core.package_identification:_identify(src) by extension 'cmake'
[0.374s] Level 1:colcon.colcon_core.package_identification:_identify(src) by extension 'python'
[0.374s] Level 1:colcon.colcon_core.package_identification:_identify(src) by extensions ['python_setup_py']
[0.374s] Level 1:colcon.colcon_core.package_identification:_identify(src) by extension 'python_setup_py'
[0.374s] Level 1:colcon.colcon_core.package_identification:_identify(src/yolobot_control) by extensions ['ignore', 'ignore_ament_install']
[0.374s] Level 1:colcon.colcon_core.package_identification:_identify(src/yolobot_control) by extension 'ignore'
[0.374s] Level 1:colcon.colcon_core.package_identification:_identify(src/yolobot_control) by extension 'ignore_ament_install'
[0.374s] Level 1:colcon.colcon_core.package_identification:_identify(src/yolobot_control) by extensions ['colcon_pkg']
[0.374s] Level 1:colcon.colcon_core.package_identification:_identify(src/yolobot_control) by extension 'colcon_pkg'
[0.374s] Level 1:colcon.colcon_core.package_identification:_identify(src/yolobot_control) by extensions ['colcon_meta']
[0.374s] Level 1:colcon.colcon_core.package_identification:_identify(src/yolobot_control) by extension 'colcon_meta'
[0.374s] Level 1:colcon.colcon_core.package_identification:_identify(src/yolobot_control) by extensions ['ros']
[0.374s] Level 1:colcon.colcon_core.package_identification:_identify(src/yolobot_control) by extension 'ros'
[0.376s] DEBUG:colcon.colcon_core.package_identification:Package 'src/yolobot_control' with type 'ros.ament_cmake' and name 'yolobot_control'
[0.377s] Level 1:colcon.colcon_core.package_identification:_identify(src/yolobot_description) by extensions ['ignore', 'ignore_ament_install']
[0.377s] Level 1:colcon.colcon_core.package_identification:_identify(src/yolobot_description) by extension 'ignore'
[0.377s] Level 1:colcon.colcon_core.package_identification:_identify(src/yolobot_description) by extension 'ignore_ament_install'
[0.377s] Level 1:colcon.colcon_core.package_identification:_identify(src/yolobot_description) by extensions ['colcon_pkg']
[0.377s] Level 1:colcon.colcon_core.package_identification:_identify(src/yolobot_description) by extension 'colcon_pkg'
[0.377s] Level 1:colcon.colcon_core.package_identification:_identify(src/yolobot_description) by extensions ['colcon_meta']
[0.377s] Level 1:colcon.colcon_core.package_identification:_identify(src/yolobot_description) by extension 'colcon_meta'
[0.377s] Level 1:colcon.colcon_core.package_identification:_identify(src/yolobot_description) by extensions ['ros']
[0.377s] Level 1:colcon.colcon_core.package_identification:_identify(src/yolobot_description) by extension 'ros'
[0.377s] DEBUG:colcon.colcon_core.package_identification:Package 'src/yolobot_description' with type 'ros.ament_cmake' and name 'yolobot_description'
[0.377s] Level 1:colcon.colcon_core.package_identification:_identify(src/yolobot_gazebo) by extensions ['ignore', 'ignore_ament_install']
[0.377s] Level 1:colcon.colcon_core.package_identification:_identify(src/yolobot_gazebo) by extension 'ignore'
[0.377s] Level 1:colcon.colcon_core.package_identification:_identify(src/yolobot_gazebo) by extension 'ignore_ament_install'
[0.377s] Level 1:colcon.colcon_core.package_identification:_identify(src/yolobot_gazebo) by extensions ['colcon_pkg']
[0.377s] Level 1:colcon.colcon_core.package_identification:_identify(src/yolobot_gazebo) by extension 'colcon_pkg'
[0.378s] Level 1:colcon.colcon_core.package_identification:_identify(src/yolobot_gazebo) by extensions ['colcon_meta']
[0.378s] Level 1:colcon.colcon_core.package_identification:_identify(src/yolobot_gazebo) by extension 'colcon_meta'
[0.378s] Level 1:colcon.colcon_core.package_identification:_identify(src/yolobot_gazebo) by extensions ['ros']
[0.378s] Level 1:colcon.colcon_core.package_identification:_identify(src/yolobot_gazebo) by extension 'ros'
[0.378s] DEBUG:colcon.colcon_core.package_identification:Package 'src/yolobot_gazebo' with type 'ros.ament_cmake' and name 'yolobot_gazebo'
[0.378s] Level 1:colcon.colcon_core.package_identification:_identify(src/yolobot_recognition) by extensions ['ignore', 'ignore_ament_install']
[0.378s] Level 1:colcon.colcon_core.package_identification:_identify(src/yolobot_recognition) by extension 'ignore'
[0.378s] Level 1:colcon.colcon_core.package_identification:_identify(src/yolobot_recognition) by extension 'ignore_ament_install'
[0.378s] Level 1:colcon.colcon_core.package_identification:_identify(src/yolobot_recognition) by extensions ['colcon_pkg']
[0.378s] Level 1:colcon.colcon_core.package_identification:_identify(src/yolobot_recognition) by extension 'colcon_pkg'
[0.378s] Level 1:colcon.colcon_core.package_identification:_identify(src/yolobot_recognition) by extensions ['colcon_meta']
[0.378s] Level 1:colcon.colcon_core.package_identification:_identify(src/yolobot_recognition) by extension 'colcon_meta'
[0.378s] Level 1:colcon.colcon_core.package_identification:_identify(src/yolobot_recognition) by extensions ['ros']
[0.378s] Level 1:colcon.colcon_core.package_identification:_identify(src/yolobot_recognition) by extension 'ros'
[0.379s] DEBUG:colcon.colcon_core.package_identification:Package 'src/yolobot_recognition' with type 'ros.ament_cmake' and name 'yolobot_recognition'
[0.379s] Level 1:colcon.colcon_core.package_discovery:discover_packages(recursive) using defaults
[0.379s] Level 1:colcon.colcon_core.package_discovery:discover_packages(ignore) discover
[0.379s] Level 1:colcon.colcon_core.package_discovery:discover_packages(ignore) using defaults
[0.379s] Level 1:colcon.colcon_core.package_discovery:discover_packages(path) discover
[0.379s] Level 1:colcon.colcon_core.package_discovery:discover_packages(path) using defaults
[0.397s] Level 1:colcon.colcon_core.package_discovery:discover_packages(prefix_path) check parameters
[0.397s] Level 1:colcon.colcon_core.package_discovery:discover_packages(prefix_path) discover
[0.400s] DEBUG:colcon.colcon_installed_package_information.package_discovery:Found 269 installed packages in /opt/ros/foxy
[0.401s] Level 1:colcon.colcon_core.package_discovery:discover_packages(prefix_path) using defaults
[0.458s] Level 5:colcon.colcon_core.verb:set package 'yolobot_control' build argument 'cmake_args' from command line to 'None'
[0.459s] Level 5:colcon.colcon_core.verb:set package 'yolobot_control' build argument 'cmake_target' from command line to 'None'
[0.459s] Level 5:colcon.colcon_core.verb:set package 'yolobot_control' build argument 'cmake_target_skip_unavailable' from command line to 'False'
[0.459s] Level 5:colcon.colcon_core.verb:set package 'yolobot_control' build argument 'cmake_clean_cache' from command line to 'False'
[0.459s] Level 5:colcon.colcon_core.verb:set package 'yolobot_control' build argument 'cmake_clean_first' from command line to 'False'
[0.459s] Level 5:colcon.colcon_core.verb:set package 'yolobot_control' build argument 'cmake_force_configure' from command line to 'False'
[0.459s] Level 5:colcon.colcon_core.verb:set package 'yolobot_control' build argument 'ament_cmake_args' from command line to 'None'
[0.459s] Level 5:colcon.colcon_core.verb:set package 'yolobot_control' build argument 'catkin_cmake_args' from command line to 'None'
[0.459s] Level 5:colcon.colcon_core.verb:set package 'yolobot_control' build argument 'catkin_skip_building_tests' from command line to 'False'
[0.459s] DEBUG:colcon.colcon_core.verb:Building package 'yolobot_control' with the following arguments: {'ament_cmake_args': None, 'build_base': '/home/hasan/yolobot/build/yolobot_control', 'catkin_cmake_args': None, 'catkin_skip_building_tests': False, 'cmake_args': None, 'cmake_clean_cache': False, 'cmake_clean_first': False, 'cmake_force_configure': False, 'cmake_target': None, 'cmake_target_skip_unavailable': False, 'install_base': '/home/hasan/yolobot/install/yolobot_control', 'merge_install': False, 'path': '/home/hasan/yolobot/src/yolobot_control', 'symlink_install': False, 'test_result_base': None}
[0.459s] Level 5:colcon.colcon_core.verb:set package 'yolobot_description' build argument 'cmake_args' from command line to 'None'
[0.459s] Level 5:colcon.colcon_core.verb:set package 'yolobot_description' build argument 'cmake_target' from command line to 'None'
[0.460s] Level 5:colcon.colcon_core.verb:set package 'yolobot_description' build argument 'cmake_target_skip_unavailable' from command line to 'False'
[0.460s] Level 5:colcon.colcon_core.verb:set package 'yolobot_description' build argument 'cmake_clean_cache' from command line to 'False'
[0.460s] Level 5:colcon.colcon_core.verb:set package 'yolobot_description' build argument 'cmake_clean_first' from command line to 'False'
[0.460s] Level 5:colcon.colcon_core.verb:set package 'yolobot_description' build argument 'cmake_force_configure' from command line to 'False'
[0.460s] Level 5:colcon.colcon_core.verb:set package 'yolobot_description' build argument 'ament_cmake_args' from command line to 'None'
[0.460s] Level 5:colcon.colcon_core.verb:set package 'yolobot_description' build argument 'catkin_cmake_args' from command line to 'None'
[0.460s] Level 5:colcon.colcon_core.verb:set package 'yolobot_description' build argument 'catkin_skip_building_tests' from command line to 'False'
[0.460s] DEBUG:colcon.colcon_core.verb:Building package 'yolobot_description' with the following arguments: {'ament_cmake_args': None, 'build_base': '/home/hasan/yolobot/build/yolobot_description', 'catkin_cmake_args': None, 'catkin_skip_building_tests': False, 'cmake_args': None, 'cmake_clean_cache': False, 'cmake_clean_first': False, 'cmake_force_configure': False, 'cmake_target': None, 'cmake_target_skip_unavailable': False, 'install_base': '/home/hasan/yolobot/install/yolobot_description', 'merge_install': False, 'path': '/home/hasan/yolobot/src/yolobot_description', 'symlink_install': False, 'test_result_base': None}
[0.460s] Level 5:colcon.colcon_core.verb:set package 'yolobot_gazebo' build argument 'cmake_args' from command line to 'None'
[0.460s] Level 5:colcon.colcon_core.verb:set package 'yolobot_gazebo' build argument 'cmake_target' from command line to 'None'
[0.460s] Level 5:colcon.colcon_core.verb:set package 'yolobot_gazebo' build argument 'cmake_target_skip_unavailable' from command line to 'False'
[0.460s] Level 5:colcon.colcon_core.verb:set package 'yolobot_gazebo' build argument 'cmake_clean_cache' from command line to 'False'
[0.460s] Level 5:colcon.colcon_core.verb:set package 'yolobot_gazebo' build argument 'cmake_clean_first' from command line to 'False'
[0.460s] Level 5:colcon.colcon_core.verb:set package 'yolobot_gazebo' build argument 'cmake_force_configure' from command line to 'False'
[0.460s] Level 5:colcon.colcon_core.verb:set package 'yolobot_gazebo' build argument 'ament_cmake_args' from command line to 'None'
[0.460s] Level 5:colcon.colcon_core.verb:set package 'yolobot_gazebo' build argument 'catkin_cmake_args' from command line to 'None'
[0.460s] Level 5:colcon.colcon_core.verb:set package 'yolobot_gazebo' build argument 'catkin_skip_building_tests' from command line to 'False'
[0.461s] DEBUG:colcon.colcon_core.verb:Building package 'yolobot_gazebo' with the following arguments: {'ament_cmake_args': None, 'build_base': '/home/hasan/yolobot/build/yolobot_gazebo', 'catkin_cmake_args': None, 'catkin_skip_building_tests': False, 'cmake_args': None, 'cmake_clean_cache': False, 'cmake_clean_first': False, 'cmake_force_configure': False, 'cmake_target': None, 'cmake_target_skip_unavailable': False, 'install_base': '/home/hasan/yolobot/install/yolobot_gazebo', 'merge_install': False, 'path': '/home/hasan/yolobot/src/yolobot_gazebo', 'symlink_install': False, 'test_result_base': None}
[0.461s] Level 5:colcon.colcon_core.verb:set package 'yolobot_recognition' build argument 'cmake_args' from command line to 'None'
[0.461s] Level 5:colcon.colcon_core.verb:set package 'yolobot_recognition' build argument 'cmake_target' from command line to 'None'
[0.461s] Level 5:colcon.colcon_core.verb:set package 'yolobot_recognition' build argument 'cmake_target_skip_unavailable' from command line to 'False'
[0.461s] Level 5:colcon.colcon_core.verb:set package 'yolobot_recognition' build argument 'cmake_clean_cache' from command line to 'False'
[0.461s] Level 5:colcon.colcon_core.verb:set package 'yolobot_recognition' build argument 'cmake_clean_first' from command line to 'False'
[0.461s] Level 5:colcon.colcon_core.verb:set package 'yolobot_recognition' build argument 'cmake_force_configure' from command line to 'False'
[0.461s] Level 5:colcon.colcon_core.verb:set package 'yolobot_recognition' build argument 'ament_cmake_args' from command line to 'None'
[0.461s] Level 5:colcon.colcon_core.verb:set package 'yolobot_recognition' build argument 'catkin_cmake_args' from command line to 'None'
[0.461s] Level 5:colcon.colcon_core.verb:set package 'yolobot_recognition' build argument 'catkin_skip_building_tests' from command line to 'False'
[0.461s] DEBUG:colcon.colcon_core.verb:Building package 'yolobot_recognition' with the following arguments: {'ament_cmake_args': None, 'build_base': '/home/hasan/yolobot/build/yolobot_recognition', 'catkin_cmake_args': None, 'catkin_skip_building_tests': False, 'cmake_args': None, 'cmake_clean_cache': False, 'cmake_clean_first': False, 'cmake_force_configure': False, 'cmake_target': None, 'cmake_target_skip_unavailable': False, 'install_base': '/home/hasan/yolobot/install/yolobot_recognition', 'merge_install': False, 'path': '/home/hasan/yolobot/src/yolobot_recognition', 'symlink_install': False, 'test_result_base': None}
[0.462s] INFO:colcon.colcon_core.executor:Executing jobs using 'parallel' executor
[0.464s] DEBUG:colcon.colcon_parallel_executor.executor.parallel:run_until_complete
[0.465s] INFO:colcon.colcon_ros.task.ament_cmake.build:Building ROS package in '/home/hasan/yolobot/src/yolobot_control' with build type 'ament_cmake'
[0.465s] INFO:colcon.colcon_cmake.task.cmake.build:Building CMake package in '/home/hasan/yolobot/src/yolobot_control'
[0.470s] INFO:colcon.colcon_core.plugin_system:Skipping extension 'colcon_core.shell.bat': Not used on non-Windows systems
[0.470s] INFO:colcon.colcon_core.shell:Skip shell extension 'powershell' for command environment: Not usable outside of PowerShell
[0.470s] DEBUG:colcon.colcon_core.shell:Skip shell extension 'dsv' for command environment
[0.474s] INFO:colcon.colcon_ros.task.ament_cmake.build:Building ROS package in '/home/hasan/yolobot/src/yolobot_description' with build type 'ament_cmake'
[0.474s] INFO:colcon.colcon_cmake.task.cmake.build:Building CMake package in '/home/hasan/yolobot/src/yolobot_description'
[0.475s] INFO:colcon.colcon_core.shell:Skip shell extension 'powershell' for command environment: Not usable outside of PowerShell
[0.475s] DEBUG:colcon.colcon_core.shell:Skip shell extension 'dsv' for command environment
[0.479s] INFO:colcon.colcon_ros.task.ament_cmake.build:Building ROS package in '/home/hasan/yolobot/src/yolobot_gazebo' with build type 'ament_cmake'
[0.479s] INFO:colcon.colcon_cmake.task.cmake.build:Building CMake package in '/home/hasan/yolobot/src/yolobot_gazebo'
[0.481s] INFO:colcon.colcon_core.shell:Skip shell extension 'powershell' for command environment: Not usable outside of PowerShell
[0.481s] DEBUG:colcon.colcon_core.shell:Skip shell extension 'dsv' for command environment
[0.484s] INFO:colcon.colcon_ros.task.ament_cmake.build:Building ROS package in '/home/hasan/yolobot/src/yolobot_recognition' with build type 'ament_cmake'
[0.484s] INFO:colcon.colcon_cmake.task.cmake.build:Building CMake package in '/home/hasan/yolobot/src/yolobot_recognition'
[0.486s] INFO:colcon.colcon_core.shell:Skip shell extension 'powershell' for command environment: Not usable outside of PowerShell
[0.486s] DEBUG:colcon.colcon_core.shell:Skip shell extension 'dsv' for command environment
[0.493s] DEBUG:colcon.colcon_core.event_handler.log_command:Invoking command in '/home/hasan/yolobot/build/yolobot_control': CMAKE_PREFIX_PATH=/opt/ros/foxy /usr/bin/cmake --build /home/hasan/yolobot/build/yolobot_control -- -j8 -l8
[0.500s] DEBUG:colcon.colcon_core.event_handler.log_command:Invoking command in '/home/hasan/yolobot/build/yolobot_description': CMAKE_PREFIX_PATH=/opt/ros/foxy /usr/bin/cmake --build /home/hasan/yolobot/build/yolobot_description -- -j8 -l8
[0.504s] DEBUG:colcon.colcon_core.event_handler.log_command:Invoking command in '/home/hasan/yolobot/build/yolobot_gazebo': CMAKE_PREFIX_PATH=/opt/ros/foxy /usr/bin/cmake --build /home/hasan/yolobot/build/yolobot_gazebo -- -j8 -l8
[0.508s] DEBUG:colcon.colcon_core.event_handler.log_command:Invoking command in '/home/hasan/yolobot/build/yolobot_recognition': CMAKE_PREFIX_PATH=/opt/ros/foxy /usr/bin/cmake --build /home/hasan/yolobot/build/yolobot_recognition -- -j8 -l8
[0.545s] DEBUG:colcon.colcon_core.event_handler.log_command:Invoked command in '/home/hasan/yolobot/build/yolobot_description' returned '0': CMAKE_PREFIX_PATH=/opt/ros/foxy /usr/bin/cmake --build /home/hasan/yolobot/build/yolobot_description -- -j8 -l8
[0.548s] DEBUG:colcon.colcon_core.event_handler.log_command:Invoked command in '/home/hasan/yolobot/build/yolobot_control' returned '0': CMAKE_PREFIX_PATH=/opt/ros/foxy /usr/bin/cmake --build /home/hasan/yolobot/build/yolobot_control -- -j8 -l8
[0.550s] DEBUG:colcon.colcon_core.event_handler.log_command:Invoked command in '/home/hasan/yolobot/build/yolobot_recognition' returned '0': CMAKE_PREFIX_PATH=/opt/ros/foxy /usr/bin/cmake --build /home/hasan/yolobot/build/yolobot_recognition -- -j8 -l8
[0.552s] DEBUG:colcon.colcon_core.event_handler.log_command:Invoked command in '/home/hasan/yolobot/build/yolobot_gazebo' returned '0': CMAKE_PREFIX_PATH=/opt/ros/foxy /usr/bin/cmake --build /home/hasan/yolobot/build/yolobot_gazebo -- -j8 -l8
[0.571s] DEBUG:colcon.colcon_core.event_handler.log_command:Invoking command in '/home/hasan/yolobot/build/yolobot_description': CMAKE_PREFIX_PATH=/opt/ros/foxy /usr/bin/cmake --install /home/hasan/yolobot/build/yolobot_description
[0.574s] DEBUG:colcon.colcon_core.event_handler.log_command:Invoking command in '/home/hasan/yolobot/build/yolobot_control': CMAKE_PREFIX_PATH=/opt/ros/foxy /usr/bin/cmake --install /home/hasan/yolobot/build/yolobot_control
[0.577s] DEBUG:colcon.colcon_core.event_handler.log_command:Invoking command in '/home/hasan/yolobot/build/yolobot_recognition': CMAKE_PREFIX_PATH=/opt/ros/foxy /usr/bin/cmake --install /home/hasan/yolobot/build/yolobot_recognition
[0.579s] DEBUG:colcon.colcon_core.event_handler.log_command:Invoking command in '/home/hasan/yolobot/build/yolobot_gazebo': CMAKE_PREFIX_PATH=/opt/ros/foxy /usr/bin/cmake --install /home/hasan/yolobot/build/yolobot_gazebo
[0.584s] Level 1:colcon.colcon_core.environment:create_environment_scripts_only(yolobot_description)
[0.588s] DEBUG:colcon.colcon_core.event_handler.log_command:Invoked command in '/home/hasan/yolobot/build/yolobot_description' returned '0': CMAKE_PREFIX_PATH=/opt/ros/foxy /usr/bin/cmake --install /home/hasan/yolobot/build/yolobot_description
[0.595s] Level 1:colcon.colcon_core.environment:checking '/home/hasan/yolobot/install/yolobot_description' for CMake module files
[0.595s] Level 1:colcon.colcon_core.environment:checking '/home/hasan/yolobot/install/yolobot_description' for CMake config files
[0.596s] Level 1:colcon.colcon_core.shell:create_environment_hook('yolobot_description', 'cmake_prefix_path')
[0.597s] INFO:colcon.colcon_core.shell:Creating environment hook '/home/hasan/yolobot/install/yolobot_description/share/yolobot_description/hook/cmake_prefix_path.ps1'
[0.598s] INFO:colcon.colcon_core.shell:Creating environment descriptor '/home/hasan/yolobot/install/yolobot_description/share/yolobot_description/hook/cmake_prefix_path.dsv'
[0.598s] INFO:colcon.colcon_core.shell:Creating environment hook '/home/hasan/yolobot/install/yolobot_description/share/yolobot_description/hook/cmake_prefix_path.sh'
[0.599s] Level 1:colcon.colcon_core.environment:checking '/home/hasan/yolobot/install/yolobot_description/lib'
[0.599s] Level 1:colcon.colcon_core.environment:checking '/home/hasan/yolobot/install/yolobot_description/bin'
[0.599s] Level 1:colcon.colcon_core.environment:checking '/home/hasan/yolobot/install/yolobot_description/lib/pkgconfig/yolobot_description.pc'
[0.599s] Level 1:colcon.colcon_core.environment:checking '/home/hasan/yolobot/install/yolobot_description/lib/python3.8/site-packages'
[0.599s] Level 1:colcon.colcon_core.environment:checking '/home/hasan/yolobot/install/yolobot_description/bin'
[0.600s] INFO:colcon.colcon_core.shell:Creating package script '/home/hasan/yolobot/install/yolobot_description/share/yolobot_description/package.ps1'
[0.601s] INFO:colcon.colcon_core.shell:Creating package descriptor '/home/hasan/yolobot/install/yolobot_description/share/yolobot_description/package.dsv'
[0.602s] INFO:colcon.colcon_core.shell:Creating package script '/home/hasan/yolobot/install/yolobot_description/share/yolobot_description/package.sh'
[0.602s] INFO:colcon.colcon_core.shell:Creating package script '/home/hasan/yolobot/install/yolobot_description/share/yolobot_description/package.bash'
[0.603s] INFO:colcon.colcon_core.shell:Creating package script '/home/hasan/yolobot/install/yolobot_description/share/yolobot_description/package.zsh'
[0.603s] Level 1:colcon.colcon_core.environment:create_file_with_runtime_dependencies(/home/hasan/yolobot/install/yolobot_description/share/colcon-core/packages/yolobot_description)
[0.606s] Level 1:colcon.colcon_core.environment:create_environment_scripts_only(yolobot_control)
[0.608s] Level 1:colcon.colcon_core.environment:checking '/home/hasan/yolobot/install/yolobot_control' for CMake module files
[0.609s] DEBUG:colcon.colcon_core.event_handler.log_command:Invoked command in '/home/hasan/yolobot/build/yolobot_control' returned '0': CMAKE_PREFIX_PATH=/opt/ros/foxy /usr/bin/cmake --install /home/hasan/yolobot/build/yolobot_control
[0.609s] Level 1:colcon.colcon_core.environment:checking '/home/hasan/yolobot/install/yolobot_control' for CMake config files
[0.609s] Level 1:colcon.colcon_core.shell:create_environment_hook('yolobot_control', 'cmake_prefix_path')
[0.610s] INFO:colcon.colcon_core.shell:Creating environment hook '/home/hasan/yolobot/install/yolobot_control/share/yolobot_control/hook/cmake_prefix_path.ps1'
[0.611s] INFO:colcon.colcon_core.shell:Creating environment descriptor '/home/hasan/yolobot/install/yolobot_control/share/yolobot_control/hook/cmake_prefix_path.dsv'
[0.611s] INFO:colcon.colcon_core.shell:Creating environment hook '/home/hasan/yolobot/install/yolobot_control/share/yolobot_control/hook/cmake_prefix_path.sh'
[0.612s] Level 1:colcon.colcon_core.environment:checking '/home/hasan/yolobot/install/yolobot_control/lib'
[0.612s] Level 1:colcon.colcon_core.environment:checking '/home/hasan/yolobot/install/yolobot_control/bin'
[0.612s] Level 1:colcon.colcon_core.environment:checking '/home/hasan/yolobot/install/yolobot_control/lib/pkgconfig/yolobot_control.pc'
[0.612s] Level 1:colcon.colcon_core.environment:checking '/home/hasan/yolobot/install/yolobot_control/lib/python3.8/site-packages'
[0.612s] Level 1:colcon.colcon_core.environment:checking '/home/hasan/yolobot/install/yolobot_control/bin'
[0.613s] INFO:colcon.colcon_core.shell:Creating package script '/home/hasan/yolobot/install/yolobot_control/share/yolobot_control/package.ps1'
[0.613s] INFO:colcon.colcon_core.shell:Creating package descriptor '/home/hasan/yolobot/install/yolobot_control/share/yolobot_control/package.dsv'
[0.614s] INFO:colcon.colcon_core.shell:Creating package script '/home/hasan/yolobot/install/yolobot_control/share/yolobot_control/package.sh'
[0.614s] INFO:colcon.colcon_core.shell:Creating package script '/home/hasan/yolobot/install/yolobot_control/share/yolobot_control/package.bash'
[0.614s] INFO:colcon.colcon_core.shell:Creating package script '/home/hasan/yolobot/install/yolobot_control/share/yolobot_control/package.zsh'
[0.614s] Level 1:colcon.colcon_core.environment:create_file_with_runtime_dependencies(/home/hasan/yolobot/install/yolobot_control/share/colcon-core/packages/yolobot_control)
[0.617s] Level 1:colcon.colcon_core.environment:create_environment_scripts_only(yolobot_recognition)
[0.619s] Level 1:colcon.colcon_core.environment:checking '/home/hasan/yolobot/install/yolobot_recognition' for CMake module files
[0.619s] DEBUG:colcon.colcon_core.event_handler.log_command:Invoked command in '/home/hasan/yolobot/build/yolobot_recognition' returned '0': CMAKE_PREFIX_PATH=/opt/ros/foxy /usr/bin/cmake --install /home/hasan/yolobot/build/yolobot_recognition
[0.620s] Level 1:colcon.colcon_core.environment:checking '/home/hasan/yolobot/install/yolobot_recognition' for CMake config files
[0.620s] Level 1:colcon.colcon_core.shell:create_environment_hook('yolobot_recognition', 'cmake_prefix_path')
[0.621s] INFO:colcon.colcon_core.shell:Creating environment hook '/home/hasan/yolobot/install/yolobot_recognition/share/yolobot_recognition/hook/cmake_prefix_path.ps1'
[0.622s] INFO:colcon.colcon_core.shell:Creating environment descriptor '/home/hasan/yolobot/install/yolobot_recognition/share/yolobot_recognition/hook/cmake_prefix_path.dsv'
[0.622s] INFO:colcon.colcon_core.shell:Creating environment hook '/home/hasan/yolobot/install/yolobot_recognition/share/yolobot_recognition/hook/cmake_prefix_path.sh'
[0.622s] Level 1:colcon.colcon_core.environment:checking '/home/hasan/yolobot/install/yolobot_recognition/bin'
[0.622s] Level 1:colcon.colcon_core.environment:checking '/home/hasan/yolobot/install/yolobot_recognition/lib/pkgconfig/yolobot_recognition.pc'
[0.622s] Level 1:colcon.colcon_core.environment:checking '/home/hasan/yolobot/install/yolobot_recognition/lib/python3.8/site-packages'
[0.623s] Level 1:colcon.colcon_core.environment:checking '/home/hasan/yolobot/install/yolobot_recognition/bin'
[0.624s] INFO:colcon.colcon_core.shell:Creating package script '/home/hasan/yolobot/install/yolobot_recognition/share/yolobot_recognition/package.ps1'
[0.624s] INFO:colcon.colcon_core.shell:Creating package descriptor '/home/hasan/yolobot/install/yolobot_recognition/share/yolobot_recognition/package.dsv'
[0.624s] INFO:colcon.colcon_core.shell:Creating package script '/home/hasan/yolobot/install/yolobot_recognition/share/yolobot_recognition/package.sh'
[0.624s] INFO:colcon.colcon_core.shell:Creating package script '/home/hasan/yolobot/install/yolobot_recognition/share/yolobot_recognition/package.bash'
[0.625s] INFO:colcon.colcon_core.shell:Creating package script '/home/hasan/yolobot/install/yolobot_recognition/share/yolobot_recognition/package.zsh'
[0.625s] Level 1:colcon.colcon_core.environment:create_file_with_runtime_dependencies(/home/hasan/yolobot/install/yolobot_recognition/share/colcon-core/packages/yolobot_recognition)
[0.627s] Level 1:colcon.colcon_core.environment:create_environment_scripts_only(yolobot_gazebo)
[0.629s] Level 1:colcon.colcon_core.environment:checking '/home/hasan/yolobot/install/yolobot_gazebo' for CMake module files
[0.629s] DEBUG:colcon.colcon_core.event_handler.log_command:Invoked command in '/home/hasan/yolobot/build/yolobot_gazebo' returned '0': CMAKE_PREFIX_PATH=/opt/ros/foxy /usr/bin/cmake --install /home/hasan/yolobot/build/yolobot_gazebo
[0.630s] Level 1:colcon.colcon_core.environment:checking '/home/hasan/yolobot/install/yolobot_gazebo' for CMake config files
[0.630s] Level 1:colcon.colcon_core.shell:create_environment_hook('yolobot_gazebo', 'cmake_prefix_path')
[0.631s] INFO:colcon.colcon_core.shell:Creating environment hook '/home/hasan/yolobot/install/yolobot_gazebo/share/yolobot_gazebo/hook/cmake_prefix_path.ps1'
[0.632s] INFO:colcon.colcon_core.shell:Creating environment descriptor '/home/hasan/yolobot/install/yolobot_gazebo/share/yolobot_gazebo/hook/cmake_prefix_path.dsv'
[0.632s] INFO:colcon.colcon_core.shell:Creating environment hook '/home/hasan/yolobot/install/yolobot_gazebo/share/yolobot_gazebo/hook/cmake_prefix_path.sh'
[0.632s] Level 1:colcon.colcon_core.environment:checking '/home/hasan/yolobot/install/yolobot_gazebo/bin'
[0.632s] Level 1:colcon.colcon_core.environment:checking '/home/hasan/yolobot/install/yolobot_gazebo/lib/pkgconfig/yolobot_gazebo.pc'
[0.633s] Level 1:colcon.colcon_core.environment:checking '/home/hasan/yolobot/install/yolobot_gazebo/lib/python3.8/site-packages'
[0.633s] Level 1:colcon.colcon_core.environment:checking '/home/hasan/yolobot/install/yolobot_gazebo/bin'
[0.634s] INFO:colcon.colcon_core.shell:Creating package script '/home/hasan/yolobot/install/yolobot_gazebo/share/yolobot_gazebo/package.ps1'
[0.634s] INFO:colcon.colcon_core.shell:Creating package descriptor '/home/hasan/yolobot/install/yolobot_gazebo/share/yolobot_gazebo/package.dsv'
[0.634s] INFO:colcon.colcon_core.shell:Creating package script '/home/hasan/yolobot/install/yolobot_gazebo/share/yolobot_gazebo/package.sh'
[0.635s] INFO:colcon.colcon_core.shell:Creating package script '/home/hasan/yolobot/install/yolobot_gazebo/share/yolobot_gazebo/package.bash'
[0.635s] INFO:colcon.colcon_core.shell:Creating package script '/home/hasan/yolobot/install/yolobot_gazebo/share/yolobot_gazebo/package.zsh'
[0.635s] Level 1:colcon.colcon_core.environment:create_file_with_runtime_dependencies(/home/hasan/yolobot/install/yolobot_gazebo/share/colcon-core/packages/yolobot_gazebo)
[0.639s] Level 1:colcon.colcon_core.environment:create_environment_scripts_only(yolobot_description)
[0.641s] Level 1:colcon.colcon_core.environment:checking '/home/hasan/yolobot/install/yolobot_description' for CMake module files
[0.641s] Level 1:colcon.colcon_core.environment:checking '/home/hasan/yolobot/install/yolobot_description' for CMake config files
[0.641s] Level 1:colcon.colcon_core.shell:create_environment_hook('yolobot_description', 'cmake_prefix_path')
[0.642s] INFO:colcon.colcon_core.shell:Creating environment hook '/home/hasan/yolobot/install/yolobot_description/share/yolobot_description/hook/cmake_prefix_path.ps1'
[0.643s] INFO:colcon.colcon_core.shell:Creating environment descriptor '/home/hasan/yolobot/install/yolobot_description/share/yolobot_description/hook/cmake_prefix_path.dsv'
[0.643s] INFO:colcon.colcon_core.shell:Creating environment hook '/home/hasan/yolobot/install/yolobot_description/share/yolobot_description/hook/cmake_prefix_path.sh'
[0.643s] Level 1:colcon.colcon_core.environment:checking '/home/hasan/yolobot/install/yolobot_description/lib'
[0.644s] Level 1:colcon.colcon_core.environment:checking '/home/hasan/yolobot/install/yolobot_description/bin'
[0.644s] Level 1:colcon.colcon_core.environment:checking '/home/hasan/yolobot/install/yolobot_description/lib/pkgconfig/yolobot_description.pc'
[0.644s] Level 1:colcon.colcon_core.environment:checking '/home/hasan/yolobot/install/yolobot_description/lib/python3.8/site-packages'
[0.644s] Level 1:colcon.colcon_core.environment:checking '/home/hasan/yolobot/install/yolobot_description/bin'
[0.645s] INFO:colcon.colcon_core.shell:Creating package script '/home/hasan/yolobot/install/yolobot_description/share/yolobot_description/package.ps1'
[0.645s] INFO:colcon.colcon_core.shell:Creating package descriptor '/home/hasan/yolobot/install/yolobot_description/share/yolobot_description/package.dsv'
[0.646s] INFO:colcon.colcon_core.shell:Creating package script '/home/hasan/yolobot/install/yolobot_description/share/yolobot_description/package.sh'
[0.646s] INFO:colcon.colcon_core.shell:Creating package script '/home/hasan/yolobot/install/yolobot_description/share/yolobot_description/package.bash'
[0.646s] INFO:colcon.colcon_core.shell:Creating package script '/home/hasan/yolobot/install/yolobot_description/share/yolobot_description/package.zsh'
[0.647s] Level 1:colcon.colcon_core.environment:create_file_with_runtime_dependencies(/home/hasan/yolobot/install/yolobot_description/share/colcon-core/packages/yolobot_description)
[0.648s] Level 1:colcon.colcon_core.environment:create_environment_scripts_only(yolobot_control)
[0.649s] Level 1:colcon.colcon_core.environment:checking '/home/hasan/yolobot/install/yolobot_control' for CMake module files
[0.650s] Level 1:colcon.colcon_core.environment:checking '/home/hasan/yolobot/install/yolobot_control' for CMake config files
[0.650s] Level 1:colcon.colcon_core.shell:create_environment_hook('yolobot_control', 'cmake_prefix_path')
[0.651s] INFO:colcon.colcon_core.shell:Creating environment hook '/home/hasan/yolobot/install/yolobot_control/share/yolobot_control/hook/cmake_prefix_path.ps1'
[0.651s] INFO:colcon.colcon_core.shell:Creating environment descriptor '/home/hasan/yolobot/install/yolobot_control/share/yolobot_control/hook/cmake_prefix_path.dsv'
[0.652s] INFO:colcon.colcon_core.shell:Creating environment hook '/home/hasan/yolobot/install/yolobot_control/share/yolobot_control/hook/cmake_prefix_path.sh'
[0.652s] Level 1:colcon.colcon_core.environment:checking '/home/hasan/yolobot/install/yolobot_control/lib'
[0.652s] Level 1:colcon.colcon_core.environment:checking '/home/hasan/yolobot/install/yolobot_control/bin'
[0.652s] Level 1:colcon.colcon_core.environment:checking '/home/hasan/yolobot/install/yolobot_control/lib/pkgconfig/yolobot_control.pc'
[0.652s] Level 1:colcon.colcon_core.environment:checking '/home/hasan/yolobot/install/yolobot_control/lib/python3.8/site-packages'
[0.652s] Level 1:colcon.colcon_core.environment:checking '/home/hasan/yolobot/install/yolobot_control/bin'
[0.653s] INFO:colcon.colcon_core.shell:Creating package script '/home/hasan/yolobot/install/yolobot_control/share/yolobot_control/package.ps1'
[0.654s] INFO:colcon.colcon_core.shell:Creating package descriptor '/home/hasan/yolobot/install/yolobot_control/share/yolobot_control/package.dsv'
[0.654s] INFO:colcon.colcon_core.shell:Creating package script '/home/hasan/yolobot/install/yolobot_control/share/yolobot_control/package.sh'
[0.654s] INFO:colcon.colcon_core.shell:Creating package script '/home/hasan/yolobot/install/yolobot_control/share/yolobot_control/package.bash'
[0.655s] INFO:colcon.colcon_core.shell:Creating package script '/home/hasan/yolobot/install/yolobot_control/share/yolobot_control/package.zsh'
[0.655s] Level 1:colcon.colcon_core.environment:create_file_with_runtime_dependencies(/home/hasan/yolobot/install/yolobot_control/share/colcon-core/packages/yolobot_control)
[0.656s] Level 1:colcon.colcon_core.environment:create_environment_scripts_only(yolobot_recognition)
[0.658s] Level 1:colcon.colcon_core.environment:checking '/home/hasan/yolobot/install/yolobot_recognition' for CMake module files
[0.658s] Level 1:colcon.colcon_core.environment:checking '/home/hasan/yolobot/install/yolobot_recognition' for CMake config files
[0.658s] Level 1:colcon.colcon_core.shell:create_environment_hook('yolobot_recognition', 'cmake_prefix_path')
[0.659s] INFO:colcon.colcon_core.shell:Creating environment hook '/home/hasan/yolobot/install/yolobot_recognition/share/yolobot_recognition/hook/cmake_prefix_path.ps1'
[0.660s] INFO:colcon.colcon_core.shell:Creating environment descriptor '/home/hasan/yolobot/install/yolobot_recognition/share/yolobot_recognition/hook/cmake_prefix_path.dsv'
[0.660s] INFO:colcon.colcon_core.shell:Creating environment hook '/home/hasan/yolobot/install/yolobot_recognition/share/yolobot_recognition/hook/cmake_prefix_path.sh'
[0.660s] Level 1:colcon.colcon_core.environment:checking '/home/hasan/yolobot/install/yolobot_recognition/bin'
[0.660s] Level 1:colcon.colcon_core.environment:checking '/home/hasan/yolobot/install/yolobot_recognition/lib/pkgconfig/yolobot_recognition.pc'
[0.660s] Level 1:colcon.colcon_core.environment:checking '/home/hasan/yolobot/install/yolobot_recognition/lib/python3.8/site-packages'
[0.660s] Level 1:colcon.colcon_core.environment:checking '/home/hasan/yolobot/install/yolobot_recognition/bin'
[0.662s] INFO:colcon.colcon_core.shell:Creating package script '/home/hasan/yolobot/install/yolobot_recognition/share/yolobot_recognition/package.ps1'
[0.662s] INFO:colcon.colcon_core.shell:Creating package descriptor '/home/hasan/yolobot/install/yolobot_recognition/share/yolobot_recognition/package.dsv'
[0.663s] INFO:colcon.colcon_core.shell:Creating package script '/home/hasan/yolobot/install/yolobot_recognition/share/yolobot_recognition/package.sh'
[0.663s] INFO:colcon.colcon_core.shell:Creating package script '/home/hasan/yolobot/install/yolobot_recognition/share/yolobot_recognition/package.bash'
[0.663s] INFO:colcon.colcon_core.shell:Creating package script '/home/hasan/yolobot/install/yolobot_recognition/share/yolobot_recognition/package.zsh'
[0.664s] Level 1:colcon.colcon_core.environment:create_file_with_runtime_dependencies(/home/hasan/yolobot/install/yolobot_recognition/share/colcon-core/packages/yolobot_recognition)
[0.665s] Level 1:colcon.colcon_core.environment:create_environment_scripts_only(yolobot_gazebo)
[0.667s] Level 1:colcon.colcon_core.environment:checking '/home/hasan/yolobot/install/yolobot_gazebo' for CMake module files
[0.667s] Level 1:colcon.colcon_core.environment:checking '/home/hasan/yolobot/install/yolobot_gazebo' for CMake config files
[0.667s] Level 1:colcon.colcon_core.shell:create_environment_hook('yolobot_gazebo', 'cmake_prefix_path')
[0.668s] INFO:colcon.colcon_core.shell:Creating environment hook '/home/hasan/yolobot/install/yolobot_gazebo/share/yolobot_gazebo/hook/cmake_prefix_path.ps1'
[0.669s] INFO:colcon.colcon_core.shell:Creating environment descriptor '/home/hasan/yolobot/install/yolobot_gazebo/share/yolobot_gazebo/hook/cmake_prefix_path.dsv'
[0.669s] INFO:colcon.colcon_core.shell:Creating environment hook '/home/hasan/yolobot/install/yolobot_gazebo/share/yolobot_gazebo/hook/cmake_prefix_path.sh'
[0.669s] Level 1:colcon.colcon_core.environment:checking '/home/hasan/yolobot/install/yolobot_gazebo/bin'
[0.669s] Level 1:colcon.colcon_core.environment:checking '/home/hasan/yolobot/install/yolobot_gazebo/lib/pkgconfig/yolobot_gazebo.pc'
[0.669s] Level 1:colcon.colcon_core.environment:checking '/home/hasan/yolobot/install/yolobot_gazebo/lib/python3.8/site-packages'
[0.670s] Level 1:colcon.colcon_core.environment:checking '/home/hasan/yolobot/install/yolobot_gazebo/bin'
[0.671s] INFO:colcon.colcon_core.shell:Creating package script '/home/hasan/yolobot/install/yolobot_gazebo/share/yolobot_gazebo/package.ps1'
[0.671s] INFO:colcon.colcon_core.shell:Creating package descriptor '/home/hasan/yolobot/install/yolobot_gazebo/share/yolobot_gazebo/package.dsv'
[0.671s] INFO:colcon.colcon_core.shell:Creating package script '/home/hasan/yolobot/install/yolobot_gazebo/share/yolobot_gazebo/package.sh'
[0.672s] INFO:colcon.colcon_core.shell:Creating package script '/home/hasan/yolobot/install/yolobot_gazebo/share/yolobot_gazebo/package.bash'
[0.672s] INFO:colcon.colcon_core.shell:Creating package script '/home/hasan/yolobot/install/yolobot_gazebo/share/yolobot_gazebo/package.zsh'
[0.672s] Level 1:colcon.colcon_core.environment:create_file_with_runtime_dependencies(/home/hasan/yolobot/install/yolobot_gazebo/share/colcon-core/packages/yolobot_gazebo)
[0.672s] DEBUG:colcon.colcon_parallel_executor.executor.parallel:closing loop
[0.672s] DEBUG:colcon.colcon_parallel_executor.executor.parallel:loop closed
[0.672s] DEBUG:colcon.colcon_parallel_executor.executor.parallel:run_until_complete finished with '0'
[0.673s] DEBUG:colcon.colcon_core.event_reactor:joining thread
[0.678s] INFO:colcon.colcon_core.plugin_system:Skipping extension 'colcon_notification.desktop_notification.terminal_notifier': Not used on non-Darwin systems
[0.678s] INFO:colcon.colcon_core.plugin_system:Skipping extension 'colcon_notification.desktop_notification.win32': Not used on non-Windows systems
[0.678s] INFO:colcon.colcon_notification.desktop_notification:Sending desktop notification using 'notify2'
[0.692s] DEBUG:colcon.colcon_core.event_reactor:joined thread
[0.694s] INFO:colcon.colcon_core.shell:Creating prefix script '/home/hasan/yolobot/install/local_setup.ps1'
[0.695s] INFO:colcon.colcon_core.shell:Creating prefix util module '/home/hasan/yolobot/install/_local_setup_util_ps1.py'
[0.696s] INFO:colcon.colcon_core.shell:Creating prefix chain script '/home/hasan/yolobot/install/setup.ps1'
[0.697s] INFO:colcon.colcon_core.shell:Creating prefix script '/home/hasan/yolobot/install/local_setup.sh'
[0.697s] INFO:colcon.colcon_core.shell:Creating prefix util module '/home/hasan/yolobot/install/_local_setup_util_sh.py'
[0.697s] INFO:colcon.colcon_core.shell:Creating prefix chain script '/home/hasan/yolobot/install/setup.sh'
[0.698s] INFO:colcon.colcon_core.shell:Creating prefix script '/home/hasan/yolobot/install/local_setup.bash'
[0.699s] INFO:colcon.colcon_core.shell:Creating prefix chain script '/home/hasan/yolobot/install/setup.bash'
[0.700s] INFO:colcon.colcon_core.shell:Creating prefix script '/home/hasan/yolobot/install/local_setup.zsh'
[0.700s] INFO:colcon.colcon_core.shell:Creating prefix chain script '/home/hasan/yolobot/install/setup.zsh'
