[0.022s] Invoking command in '/home/hasan/yolobot/build/yolobot_description': CMAKE_PREFIX_PATH=/opt/ros/foxy /usr/bin/cmake /home/hasan/yolobot/src/yolobot_description -DCMAKE_INSTALL_PREFIX=/home/hasan/yolobot/install/yolobot_description
[0.143s] -- The C compiler identification is GNU 9.4.0
[0.219s] -- The CXX compiler identification is GNU 9.4.0
[0.226s] -- Check for working C compiler: /usr/bin/cc
[0.302s] -- Check for working C compiler: /usr/bin/cc -- works
[0.303s] -- Detecting C compiler ABI info
[0.367s] -- Detecting C compiler ABI info - done
[0.381s] -- Detecting C compile features
[0.381s] -- Detecting C compile features - done
[0.383s] -- Check for working CXX compiler: /usr/bin/c++
[0.466s] -- Check for working CXX compiler: /usr/bin/c++ -- works
[0.467s] -- Detecting CXX compiler ABI info
[0.549s] -- Detecting CXX compiler ABI info - done
[0.559s] -- Detecting CXX compile features
[0.559s] -- Detecting CXX compile features - done
[0.560s] -- Found ament_cmake: 0.9.12 (/opt/ros/foxy/share/ament_cmake/cmake)
[0.584s] -- Found PythonInterp: /usr/bin/python3 (found suitable version "3.8.10", minimum required is "3") 
[0.584s] -- Using PYTHON_EXECUTABLE: /usr/bin/python3
[0.767s] -- Found urdf: 2.4.0 (/opt/ros/foxy/share/urdf/cmake)
[0.798s] -- Found ament_lint_auto: 0.9.8 (/opt/ros/foxy/share/ament_lint_auto/cmake)
[0.878s] -- Added test 'copyright' to check source files copyright and LICENSE
[0.879s] -- Added test 'flake8' to check Python code syntax and style conventions
[0.879s] -- Added test 'lint_cmake' to check CMake code style
[0.879s] -- Added test 'pep257' to check Python code against some of the style conventions in PEP 257
[0.879s] -- Added test 'xmllint' to check XML markup files
[0.880s] -- Configuring done
[0.882s] -- Generating done
[0.883s] -- Build files have been written to: /home/hasan/yolobot/build/yolobot_description
[0.892s] Invoked command in '/home/hasan/yolobot/build/yolobot_description' returned '0': CMAKE_PREFIX_PATH=/opt/ros/foxy /usr/bin/cmake /home/hasan/yolobot/src/yolobot_description -DCMAKE_INSTALL_PREFIX=/home/hasan/yolobot/install/yolobot_description
[0.893s] Invoking command in '/home/hasan/yolobot/build/yolobot_description': CMAKE_PREFIX_PATH=/opt/ros/foxy /usr/bin/cmake --build /home/hasan/yolobot/build/yolobot_description -- -j8 -l8
[0.952s] Invoked command in '/home/hasan/yolobot/build/yolobot_description' returned '0': CMAKE_PREFIX_PATH=/opt/ros/foxy /usr/bin/cmake --build /home/hasan/yolobot/build/yolobot_description -- -j8 -l8
[0.989s] Invoking command in '/home/hasan/yolobot/build/yolobot_description': CMAKE_PREFIX_PATH=/opt/ros/foxy /usr/bin/cmake --install /home/hasan/yolobot/build/yolobot_description
[0.996s] -- Install configuration: ""
[0.997s] -- Installing: /home/hasan/yolobot/install/yolobot_description/share/yolobot_description//launch
[0.997s] -- Installing: /home/hasan/yolobot/install/yolobot_description/share/yolobot_description//launch/spawn_yolobot_launch.launch.py
[0.997s] -- Installing: /home/hasan/yolobot/install/yolobot_description/share/yolobot_description//launch/spawn_yolobot.py
[0.997s] -- Installing: /home/hasan/yolobot/install/yolobot_description/share/yolobot_description//robot
[0.997s] -- Installing: /home/hasan/yolobot/install/yolobot_description/share/yolobot_description//robot/yolobot.urdf
[0.997s] -- Installing: /home/hasan/yolobot/install/yolobot_description/lib/yolobot_description/spawn_yolobot.py
[0.997s] -- Installing: /home/hasan/yolobot/install/yolobot_description/share/ament_index/resource_index/package_run_dependencies/yolobot_description
[0.997s] -- Installing: /home/hasan/yolobot/install/yolobot_description/share/ament_index/resource_index/parent_prefix_path/yolobot_description
[0.997s] -- Installing: /home/hasan/yolobot/install/yolobot_description/share/yolobot_description/environment/ament_prefix_path.sh
[0.997s] -- Installing: /home/hasan/yolobot/install/yolobot_description/share/yolobot_description/environment/ament_prefix_path.dsv
[0.997s] -- Installing: /home/hasan/yolobot/install/yolobot_description/share/yolobot_description/environment/path.sh
[0.998s] -- Installing: /home/hasan/yolobot/install/yolobot_description/share/yolobot_description/environment/path.dsv
[0.999s] -- Installing: /home/hasan/yolobot/install/yolobot_description/share/yolobot_description/local_setup.bash
[0.999s] -- Installing: /home/hasan/yolobot/install/yolobot_description/share/yolobot_description/local_setup.sh
[0.999s] -- Installing: /home/hasan/yolobot/install/yolobot_description/share/yolobot_description/local_setup.zsh
[0.999s] -- Installing: /home/hasan/yolobot/install/yolobot_description/share/yolobot_description/local_setup.dsv
[0.999s] -- Installing: /home/hasan/yolobot/install/yolobot_description/share/yolobot_description/package.dsv
[0.999s] -- Installing: /home/hasan/yolobot/install/yolobot_description/share/ament_index/resource_index/packages/yolobot_description
[0.999s] -- Installing: /home/hasan/yolobot/install/yolobot_description/share/yolobot_description/cmake/yolobot_descriptionConfig.cmake
[0.999s] -- Installing: /home/hasan/yolobot/install/yolobot_description/share/yolobot_description/cmake/yolobot_descriptionConfig-version.cmake
[0.999s] -- Installing: /home/hasan/yolobot/install/yolobot_description/share/yolobot_description/package.xml
[1.018s] Invoked command in '/home/hasan/yolobot/build/yolobot_description' returned '0': CMAKE_PREFIX_PATH=/opt/ros/foxy /usr/bin/cmake --install /home/hasan/yolobot/build/yolobot_description
