[0.029s] Invoking command in '/home/hasan/yolobot/build/yolobot_control': CMAKE_PREFIX_PATH=/opt/ros/foxy /usr/bin/cmake /home/hasan/yolobot/src/yolobot_control -DCMAKE_INSTALL_PREFIX=/home/hasan/yolobot/install/yolobot_control
[0.150s] -- The C compiler identification is GNU 9.4.0
[0.245s] -- The CXX compiler identification is GNU 9.4.0
[0.249s] -- Check for working C compiler: /usr/bin/cc
[0.317s] -- Check for working C compiler: /usr/bin/cc -- works
[0.318s] -- Detecting C compiler ABI info
[0.384s] -- Detecting C compiler ABI info - done
[0.393s] -- Detecting C compile features
[0.393s] -- Detecting C compile features - done
[0.395s] -- Check for working CXX compiler: /usr/bin/c++
[0.471s] -- Check for working CXX compiler: /usr/bin/c++ -- works
[0.473s] -- Detecting CXX compiler ABI info
[0.549s] -- Detecting CXX compiler ABI info - done
[0.563s] -- Detecting CXX compile features
[0.564s] -- Detecting CXX compile features - done
[0.565s] -- Found ament_cmake: 0.9.12 (/opt/ros/foxy/share/ament_cmake/cmake)
[0.585s] -- Found PythonInterp: /usr/bin/python3 (found suitable version "3.8.10", minimum required is "3") 
[0.585s] -- Using PYTHON_EXECUTABLE: /usr/bin/python3
[0.770s] -- Found ament_lint_auto: 0.9.8 (/opt/ros/foxy/share/ament_lint_auto/cmake)
[0.850s] -- Added test 'copyright' to check source files copyright and LICENSE
[0.851s] -- Added test 'flake8' to check Python code syntax and style conventions
[0.851s] -- Added test 'lint_cmake' to check CMake code style
[0.852s] -- Added test 'pep257' to check Python code against some of the style conventions in PEP 257
[0.853s] -- Added test 'xmllint' to check XML markup files
[0.854s] -- Configuring done
[0.856s] -- Generating done
[0.856s] -- Build files have been written to: /home/hasan/yolobot/build/yolobot_control
[0.860s] Invoked command in '/home/hasan/yolobot/build/yolobot_control' returned '0': CMAKE_PREFIX_PATH=/opt/ros/foxy /usr/bin/cmake /home/hasan/yolobot/src/yolobot_control -DCMAKE_INSTALL_PREFIX=/home/hasan/yolobot/install/yolobot_control
[0.863s] Invoking command in '/home/hasan/yolobot/build/yolobot_control': CMAKE_PREFIX_PATH=/opt/ros/foxy /usr/bin/cmake --build /home/hasan/yolobot/build/yolobot_control -- -j8 -l8
[0.900s] Invoked command in '/home/hasan/yolobot/build/yolobot_control' returned '0': CMAKE_PREFIX_PATH=/opt/ros/foxy /usr/bin/cmake --build /home/hasan/yolobot/build/yolobot_control -- -j8 -l8
[0.931s] Invoking command in '/home/hasan/yolobot/build/yolobot_control': CMAKE_PREFIX_PATH=/opt/ros/foxy /usr/bin/cmake --install /home/hasan/yolobot/build/yolobot_control
[0.940s] -- Install configuration: ""
[0.940s] -- Installing: /home/hasan/yolobot/install/yolobot_control/share/yolobot_control//scripts
[0.941s] -- Installing: /home/hasan/yolobot/install/yolobot_control/share/yolobot_control//scripts/robot_control.py
[0.941s] -- Installing: /home/hasan/yolobot/install/yolobot_control/share/yolobot_control//launch
[0.942s] -- Installing: /home/hasan/yolobot/install/yolobot_control/share/yolobot_control//launch/yolobot_control.launch.py
[0.942s] -- Installing: /home/hasan/yolobot/install/yolobot_control/lib/yolobot_control/robot_control.py
[0.942s] -- Installing: /home/hasan/yolobot/install/yolobot_control/lib/yolobot_control/yolobot_control.launch.py
[0.942s] -- Installing: /home/hasan/yolobot/install/yolobot_control/share/ament_index/resource_index/package_run_dependencies/yolobot_control
[0.942s] -- Installing: /home/hasan/yolobot/install/yolobot_control/share/ament_index/resource_index/parent_prefix_path/yolobot_control
[0.942s] -- Installing: /home/hasan/yolobot/install/yolobot_control/share/yolobot_control/environment/ament_prefix_path.sh
[0.942s] -- Installing: /home/hasan/yolobot/install/yolobot_control/share/yolobot_control/environment/ament_prefix_path.dsv
[0.942s] -- Installing: /home/hasan/yolobot/install/yolobot_control/share/yolobot_control/environment/path.sh
[0.942s] -- Installing: /home/hasan/yolobot/install/yolobot_control/share/yolobot_control/environment/path.dsv
[0.942s] -- Installing: /home/hasan/yolobot/install/yolobot_control/share/yolobot_control/local_setup.bash
[0.942s] -- Installing: /home/hasan/yolobot/install/yolobot_control/share/yolobot_control/local_setup.sh
[0.943s] -- Installing: /home/hasan/yolobot/install/yolobot_control/share/yolobot_control/local_setup.zsh
[0.943s] -- Installing: /home/hasan/yolobot/install/yolobot_control/share/yolobot_control/local_setup.dsv
[0.943s] -- Installing: /home/hasan/yolobot/install/yolobot_control/share/yolobot_control/package.dsv
[0.943s] -- Installing: /home/hasan/yolobot/install/yolobot_control/share/ament_index/resource_index/packages/yolobot_control
[0.943s] -- Installing: /home/hasan/yolobot/install/yolobot_control/share/yolobot_control/cmake/yolobot_controlConfig.cmake
[0.943s] -- Installing: /home/hasan/yolobot/install/yolobot_control/share/yolobot_control/cmake/yolobot_controlConfig-version.cmake
[0.943s] -- Installing: /home/hasan/yolobot/install/yolobot_control/share/yolobot_control/package.xml
[0.945s] Invoked command in '/home/hasan/yolobot/build/yolobot_control' returned '0': CMAKE_PREFIX_PATH=/opt/ros/foxy /usr/bin/cmake --install /home/hasan/yolobot/build/yolobot_control
