[0.025s] Invoking command in '/home/hasan/yolobot/build/yolobot_recognition': CMAKE_PREFIX_PATH=/opt/ros/foxy /usr/bin/cmake --build /home/hasan/yolobot/build/yolobot_recognition -- -j8 -l8
[0.065s] Invoked command in '/home/hasan/yolobot/build/yolobot_recognition' returned '0': CMAKE_PREFIX_PATH=/opt/ros/foxy /usr/bin/cmake --build /home/hasan/yolobot/build/yolobot_recognition -- -j8 -l8
[0.103s] Invoking command in '/home/hasan/yolobot/build/yolobot_recognition': CMAKE_PREFIX_PATH=/opt/ros/foxy /usr/bin/cmake --install /home/hasan/yolobot/build/yolobot_recognition
[0.114s] -- Install configuration: ""
[0.115s] -- Up-to-date: /home/hasan/yolobot/install/yolobot_recognition/share/ament_index/resource_index/package_run_dependencies/yolobot_recognition
[0.115s] -- Up-to-date: /home/hasan/yolobot/install/yolobot_recognition/share/ament_index/resource_index/parent_prefix_path/yolobot_recognition
[0.115s] -- Up-to-date: /home/hasan/yolobot/install/yolobot_recognition/share/yolobot_recognition/environment/ament_prefix_path.sh
[0.115s] -- Up-to-date: /home/hasan/yolobot/install/yolobot_recognition/share/yolobot_recognition/environment/ament_prefix_path.dsv
[0.115s] -- Up-to-date: /home/hasan/yolobot/install/yolobot_recognition/share/yolobot_recognition/environment/path.sh
[0.115s] -- Up-to-date: /home/hasan/yolobot/install/yolobot_recognition/share/yolobot_recognition/environment/path.dsv
[0.115s] -- Up-to-date: /home/hasan/yolobot/install/yolobot_recognition/share/yolobot_recognition/local_setup.bash
[0.115s] -- Up-to-date: /home/hasan/yolobot/install/yolobot_recognition/share/yolobot_recognition/local_setup.sh
[0.115s] -- Up-to-date: /home/hasan/yolobot/install/yolobot_recognition/share/yolobot_recognition/local_setup.zsh
[0.115s] -- Up-to-date: /home/hasan/yolobot/install/yolobot_recognition/share/yolobot_recognition/local_setup.dsv
[0.115s] -- Installing: /home/hasan/yolobot/install/yolobot_recognition/share/yolobot_recognition/package.dsv
[0.115s] -- Up-to-date: /home/hasan/yolobot/install/yolobot_recognition/share/ament_index/resource_index/packages/yolobot_recognition
[0.115s] -- Up-to-date: /home/hasan/yolobot/install/yolobot_recognition/share/yolobot_recognition/cmake/yolobot_recognitionConfig.cmake
[0.115s] -- Up-to-date: /home/hasan/yolobot/install/yolobot_recognition/share/yolobot_recognition/cmake/yolobot_recognitionConfig-version.cmake
[0.116s] -- Up-to-date: /home/hasan/yolobot/install/yolobot_recognition/share/yolobot_recognition/package.xml
[0.140s] Invoked command in '/home/hasan/yolobot/build/yolobot_recognition' returned '0': CMAKE_PREFIX_PATH=/opt/ros/foxy /usr/bin/cmake --install /home/hasan/yolobot/build/yolobot_recognition
