[0.022s] Invoking command in '/home/hasan/yolobot/build/yolobot_gazebo': CMAKE_PREFIX_PATH=/opt/ros/foxy /usr/bin/cmake /home/hasan/yolobot/src/yolobot_gazebo -DCMAKE_INSTALL_PREFIX=/home/hasan/yolobot/install/yolobot_gazebo
[0.134s] -- The C compiler identification is GNU 9.4.0
[0.229s] -- The CXX compiler identification is GNU 9.4.0
[0.233s] -- Check for working C compiler: /usr/bin/cc
[0.303s] -- Check for working C compiler: /usr/bin/cc -- works
[0.304s] -- Detecting C compiler ABI info
[0.364s] -- Detecting C compiler ABI info - done
[0.374s] -- Detecting C compile features
[0.374s] -- Detecting C compile features - done
[0.376s] -- Check for working CXX compiler: /usr/bin/c++
[0.445s] -- Check for working CXX compiler: /usr/bin/c++ -- works
[0.446s] -- Detecting CXX compiler ABI info
[0.522s] -- Detecting CXX compiler ABI info - done
[0.539s] -- Detecting CXX compile features
[0.539s] -- Detecting CXX compile features - done
[0.542s] -- Found ament_cmake: 0.9.12 (/opt/ros/foxy/share/ament_cmake/cmake)
[0.566s] -- Found PythonInterp: /usr/bin/python3 (found suitable version "3.8.10", minimum required is "3") 
[0.566s] -- Using PYTHON_EXECUTABLE: /usr/bin/python3
[0.754s] -- Found rclpy: 1.0.13 (/opt/ros/foxy/share/rclpy/cmake)
[0.755s] -- Found ament_lint_auto: 0.9.8 (/opt/ros/foxy/share/ament_lint_auto/cmake)
[0.832s] -- Added test 'copyright' to check source files copyright and LICENSE
[0.834s] -- Added test 'flake8' to check Python code syntax and style conventions
[0.835s] -- Added test 'lint_cmake' to check CMake code style
[0.835s] -- Added test 'pep257' to check Python code against some of the style conventions in PEP 257
[0.837s] -- Added test 'xmllint' to check XML markup files
[0.839s] -- Configuring done
[0.841s] -- Generating done
[0.842s] -- Build files have been written to: /home/hasan/yolobot/build/yolobot_gazebo
[0.850s] Invoked command in '/home/hasan/yolobot/build/yolobot_gazebo' returned '0': CMAKE_PREFIX_PATH=/opt/ros/foxy /usr/bin/cmake /home/hasan/yolobot/src/yolobot_gazebo -DCMAKE_INSTALL_PREFIX=/home/hasan/yolobot/install/yolobot_gazebo
[0.853s] Invoking command in '/home/hasan/yolobot/build/yolobot_gazebo': CMAKE_PREFIX_PATH=/opt/ros/foxy /usr/bin/cmake --build /home/hasan/yolobot/build/yolobot_gazebo -- -j8 -l8
[0.894s] Invoked command in '/home/hasan/yolobot/build/yolobot_gazebo' returned '0': CMAKE_PREFIX_PATH=/opt/ros/foxy /usr/bin/cmake --build /home/hasan/yolobot/build/yolobot_gazebo -- -j8 -l8
[0.919s] Invoking command in '/home/hasan/yolobot/build/yolobot_gazebo': CMAKE_PREFIX_PATH=/opt/ros/foxy /usr/bin/cmake --install /home/hasan/yolobot/build/yolobot_gazebo
[0.929s] -- Install configuration: ""
[0.929s] -- Installing: /home/hasan/yolobot/install/yolobot_gazebo/share/yolobot_gazebo//launch
[0.929s] -- Installing: /home/hasan/yolobot/install/yolobot_gazebo/share/yolobot_gazebo//launch/yolobot_launch.py
[0.930s] -- Installing: /home/hasan/yolobot/install/yolobot_gazebo/share/yolobot_gazebo//launch/start_world_launch.py
[0.930s] -- Installing: /home/hasan/yolobot/install/yolobot_gazebo/share/yolobot_gazebo//worlds
[0.930s] -- Installing: /home/hasan/yolobot/install/yolobot_gazebo/share/yolobot_gazebo//worlds/yolo_test.world
[0.930s] -- Installing: /home/hasan/yolobot/install/yolobot_gazebo/share/ament_index/resource_index/package_run_dependencies/yolobot_gazebo
[0.931s] -- Installing: /home/hasan/yolobot/install/yolobot_gazebo/share/ament_index/resource_index/parent_prefix_path/yolobot_gazebo
[0.931s] -- Installing: /home/hasan/yolobot/install/yolobot_gazebo/share/yolobot_gazebo/environment/ament_prefix_path.sh
[0.931s] -- Installing: /home/hasan/yolobot/install/yolobot_gazebo/share/yolobot_gazebo/environment/ament_prefix_path.dsv
[0.931s] -- Installing: /home/hasan/yolobot/install/yolobot_gazebo/share/yolobot_gazebo/environment/path.sh
[0.931s] -- Installing: /home/hasan/yolobot/install/yolobot_gazebo/share/yolobot_gazebo/environment/path.dsv
[0.931s] -- Installing: /home/hasan/yolobot/install/yolobot_gazebo/share/yolobot_gazebo/local_setup.bash
[0.931s] -- Installing: /home/hasan/yolobot/install/yolobot_gazebo/share/yolobot_gazebo/local_setup.sh
[0.931s] -- Installing: /home/hasan/yolobot/install/yolobot_gazebo/share/yolobot_gazebo/local_setup.zsh
[0.931s] -- Installing: /home/hasan/yolobot/install/yolobot_gazebo/share/yolobot_gazebo/local_setup.dsv
[0.931s] -- Installing: /home/hasan/yolobot/install/yolobot_gazebo/share/yolobot_gazebo/package.dsv
[0.931s] -- Installing: /home/hasan/yolobot/install/yolobot_gazebo/share/ament_index/resource_index/packages/yolobot_gazebo
[0.931s] -- Installing: /home/hasan/yolobot/install/yolobot_gazebo/share/yolobot_gazebo/cmake/yolobot_gazeboConfig.cmake
[0.931s] -- Installing: /home/hasan/yolobot/install/yolobot_gazebo/share/yolobot_gazebo/cmake/yolobot_gazeboConfig-version.cmake
[0.931s] -- Installing: /home/hasan/yolobot/install/yolobot_gazebo/share/yolobot_gazebo/package.xml
[0.961s] Invoked command in '/home/hasan/yolobot/build/yolobot_gazebo' returned '0': CMAKE_PREFIX_PATH=/opt/ros/foxy /usr/bin/cmake --install /home/hasan/yolobot/build/yolobot_gazebo
