[0.028s] Invoking command in '/home/hasan/yolobot/build/yolobot_control': CMAKE_PREFIX_PATH=/opt/ros/foxy /usr/bin/cmake --build /home/hasan/yolobot/build/yolobot_control -- -j8 -l8
[0.083s] Invoked command in '/home/hasan/yolobot/build/yolobot_control' returned '0': CMAKE_PREFIX_PATH=/opt/ros/foxy /usr/bin/cmake --build /home/hasan/yolobot/build/yolobot_control -- -j8 -l8
[0.108s] Invoking command in '/home/hasan/yolobot/build/yolobot_control': CMAKE_PREFIX_PATH=/opt/ros/foxy /usr/bin/cmake --install /home/hasan/yolobot/build/yolobot_control
[0.120s] -- Install configuration: ""
[0.120s] -- Up-to-date: /home/hasan/yolobot/install/yolobot_control/share/yolobot_control//scripts
[0.120s] -- Up-to-date: /home/hasan/yolobot/install/yolobot_control/share/yolobot_control//scripts/robot_control.py
[0.120s] -- Up-to-date: /home/hasan/yolobot/install/yolobot_control/share/yolobot_control//launch
[0.120s] -- Up-to-date: /home/hasan/yolobot/install/yolobot_control/share/yolobot_control//launch/yolobot_control.launch.py
[0.120s] -- Up-to-date: /home/hasan/yolobot/install/yolobot_control/lib/yolobot_control/robot_control.py
[0.120s] -- Up-to-date: /home/hasan/yolobot/install/yolobot_control/lib/yolobot_control/yolobot_control.launch.py
[0.120s] -- Up-to-date: /home/hasan/yolobot/install/yolobot_control/share/ament_index/resource_index/package_run_dependencies/yolobot_control
[0.120s] -- Up-to-date: /home/hasan/yolobot/install/yolobot_control/share/ament_index/resource_index/parent_prefix_path/yolobot_control
[0.120s] -- Up-to-date: /home/hasan/yolobot/install/yolobot_control/share/yolobot_control/environment/ament_prefix_path.sh
[0.120s] -- Up-to-date: /home/hasan/yolobot/install/yolobot_control/share/yolobot_control/environment/ament_prefix_path.dsv
[0.120s] -- Up-to-date: /home/hasan/yolobot/install/yolobot_control/share/yolobot_control/environment/path.sh
[0.121s] -- Up-to-date: /home/hasan/yolobot/install/yolobot_control/share/yolobot_control/environment/path.dsv
[0.121s] -- Up-to-date: /home/hasan/yolobot/install/yolobot_control/share/yolobot_control/local_setup.bash
[0.121s] -- Up-to-date: /home/hasan/yolobot/install/yolobot_control/share/yolobot_control/local_setup.sh
[0.122s] -- Up-to-date: /home/hasan/yolobot/install/yolobot_control/share/yolobot_control/local_setup.zsh
[0.122s] -- Up-to-date: /home/hasan/yolobot/install/yolobot_control/share/yolobot_control/local_setup.dsv
[0.122s] -- Up-to-date: /home/hasan/yolobot/install/yolobot_control/share/yolobot_control/package.dsv
[0.122s] -- Up-to-date: /home/hasan/yolobot/install/yolobot_control/share/ament_index/resource_index/packages/yolobot_control
[0.122s] -- Up-to-date: /home/hasan/yolobot/install/yolobot_control/share/yolobot_control/cmake/yolobot_controlConfig.cmake
[0.122s] -- Up-to-date: /home/hasan/yolobot/install/yolobot_control/share/yolobot_control/cmake/yolobot_controlConfig-version.cmake
[0.122s] -- Up-to-date: /home/hasan/yolobot/install/yolobot_control/share/yolobot_control/package.xml
[0.143s] Invoked command in '/home/hasan/yolobot/build/yolobot_control' returned '0': CMAKE_PREFIX_PATH=/opt/ros/foxy /usr/bin/cmake --install /home/hasan/yolobot/build/yolobot_control
